#
# There is insufficient memory for the Java Runtime Environment to continue.
# Native memory allocation (malloc) failed to allocate 32744 bytes for ChunkPool::allocate
# Possible reasons:
#   The system is out of physical RAM or swap space
#   The process is running with CompressedOops enabled, and the Java Heap may be blocking the growth of the native heap
# Possible solutions:
#   Reduce memory load on the system
#   Increase physical memory or swap space
#   Check if swap backing store is full
#   Decrease Java heap size (-Xmx/-Xms)
#   Decrease number of Java threads
#   Decrease Java thread stack sizes (-Xss)
#   Set larger code cache with -XX:ReservedCodeCacheSize=
#   JVM is running with Zero Based Compressed Oops mode in which the Java heap is
#     placed in the first 32GB address space. The Java Heap base address is the
#     maximum limit for the native heap growth. Please use -XX:HeapBaseMinAddress
#     to set the Java Heap base and to place the Java Heap above 32GB virtual address.
# This output file may be truncated or incomplete.
#
#  Out of Memory Error (arena.cpp:78), pid=2580, tid=2624
#
# JRE version: OpenJDK Runtime Environment (17.0.6) (build 17.0.6+0-b2043.56-9586694)
# Java VM: OpenJDK 64-Bit Server VM (17.0.6+0-b2043.56-9586694, mixed mode, tiered, compressed oops, compressed class ptrs, g1 gc, windows-amd64)
# No core dump will be written. Minidumps are not enabled by default on client versions of Windows
#

---------------  S U M M A R Y ------------

Command Line: org.jetbrains.kotlin.cli.jvm.K2JVMCompiler @C:\Users\dell\Documents\projects\saudigitus\dhis2-android-capture-app-quick-notification\commons\build\20230515_5409777248428377240.compiler.options

Host: Intel(R) Core(TM) i5-10310U CPU @ 1.70GHz, 8 cores, 15G,  Windows 11 , 64 bit Build 22621 (10.0.22621.1635)
Time: Mon May 15 16:43:30 2023 South Africa Standard Time elapsed time: 14.420294 seconds (0d 0h 0m 14s)

---------------  T H R E A D  ---------------

Current thread (0x000002211b93c100):  JavaThread "C2 CompilerThread2" daemon [_thread_in_native, id=2624, stack(0x0000002603f00000,0x0000002604000000)]


Current CompileTask:
C2:  14420 3906       4       org.jetbrains.kotlin.parsing.AbstractKotlinParsing::_at (12 bytes)

Stack: [0x0000002603f00000,0x0000002604000000]
Native frames: (J=compiled Java code, j=interpreted, Vv=VM code, C=native code)
V  [jvm.dll+0x683b4a]
V  [jvm.dll+0x842654]
V  [jvm.dll+0x843dfe]
V  [jvm.dll+0x844463]
V  [jvm.dll+0x249b75]
V  [jvm.dll+0xabecc]
V  [jvm.dll+0xac27c]
V  [jvm.dll+0x11f188]
V  [jvm.dll+0x6ad0fb]
V  [jvm.dll+0x1bd184]
V  [jvm.dll+0x21c359]
V  [jvm.dll+0x21b621]
V  [jvm.dll+0x1a4fdd]
V  [jvm.dll+0x22b098]
V  [jvm.dll+0x229159]
V  [jvm.dll+0x7f809c]
V  [jvm.dll+0x7f25fa]
V  [jvm.dll+0x682985]
C  [ucrtbase.dll+0x29363]
C  [KERNEL32.DLL+0x126ad]
C  [ntdll.dll+0x5a9f8]


---------------  P R O C E S S  ---------------

Threads class SMR info:
_java_thread_list=0x000002211eeb2190, length=14, elements={
0x0000022179f389a0, 0x000002211983ef00, 0x000002211983fab0, 0x000002211988ba10,
0x000002211988c5c0, 0x0000022119890f90, 0x0000022119891940, 0x00000221198926d0,
0x0000022119893170, 0x00000221199186b0, 0x00000221199ffa20, 0x0000022119a12010,
0x00000221199c97b0, 0x000002211b93c100
}

Java Threads: ( => current thread )
  0x0000022179f389a0 JavaThread "main" [_thread_in_Java, id=19352, stack(0x0000002602200000,0x0000002602300000)]
  0x000002211983ef00 JavaThread "Reference Handler" daemon [_thread_blocked, id=21020, stack(0x0000002602a00000,0x0000002602b00000)]
  0x000002211983fab0 JavaThread "Finalizer" daemon [_thread_blocked, id=20020, stack(0x0000002602b00000,0x0000002602c00000)]
  0x000002211988ba10 JavaThread "Signal Dispatcher" daemon [_thread_blocked, id=6836, stack(0x0000002602c00000,0x0000002602d00000)]
  0x000002211988c5c0 JavaThread "Attach Listener" daemon [_thread_blocked, id=19424, stack(0x0000002602d00000,0x0000002602e00000)]
  0x0000022119890f90 JavaThread "Service Thread" daemon [_thread_blocked, id=3596, stack(0x0000002602e00000,0x0000002602f00000)]
  0x0000022119891940 JavaThread "Monitor Deflation Thread" daemon [_thread_blocked, id=12916, stack(0x0000002602f00000,0x0000002603000000)]
  0x00000221198926d0 JavaThread "C2 CompilerThread0" daemon [_thread_in_native, id=21160, stack(0x0000002603000000,0x0000002603100000)]
  0x0000022119893170 JavaThread "C1 CompilerThread0" daemon [_thread_blocked, id=13724, stack(0x0000002603100000,0x0000002603200000)]
  0x00000221199186b0 JavaThread "Sweeper thread" daemon [_thread_blocked, id=15096, stack(0x0000002603200000,0x0000002603300000)]
  0x00000221199ffa20 JavaThread "Notification Thread" daemon [_thread_blocked, id=13940, stack(0x0000002603300000,0x0000002603400000)]
  0x0000022119a12010 JavaThread "Common-Cleaner" daemon [_thread_blocked, id=20220, stack(0x0000002603500000,0x0000002603600000)]
  0x00000221199c97b0 JavaThread "C2 CompilerThread1" daemon [_thread_in_native, id=4084, stack(0x0000002603b00000,0x0000002603c00000)]
=>0x000002211b93c100 JavaThread "C2 CompilerThread2" daemon [_thread_in_native, id=2624, stack(0x0000002603f00000,0x0000002604000000)]

Other Threads:
  0x000002217f91eb10 VMThread "VM Thread" [stack: 0x0000002602900000,0x0000002602a00000] [id=13748]
  0x00000221199ffef0 WatcherThread [stack: 0x0000002603400000,0x0000002603500000] [id=20520]
  0x0000022179fa4500 GCTaskThread "GC Thread#0" [stack: 0x0000002602400000,0x0000002602500000] [id=9472]
  0x0000022119eb8840 GCTaskThread "GC Thread#1" [stack: 0x0000002603600000,0x0000002603700000] [id=10540]
  0x0000022119eb8af0 GCTaskThread "GC Thread#2" [stack: 0x0000002603700000,0x0000002603800000] [id=13736]
  0x0000022119eb8da0 GCTaskThread "GC Thread#3" [stack: 0x0000002603800000,0x0000002603900000] [id=13788]
  0x0000022119eb9050 GCTaskThread "GC Thread#4" [stack: 0x0000002603900000,0x0000002603a00000] [id=10604]
  0x0000022119eb9300 GCTaskThread "GC Thread#5" [stack: 0x0000002603a00000,0x0000002603b00000] [id=18584]
  0x000002211a0ed330 GCTaskThread "GC Thread#6" [stack: 0x0000002603c00000,0x0000002603d00000] [id=6796]
  0x000002211a0ebb00 GCTaskThread "GC Thread#7" [stack: 0x0000002603d00000,0x0000002603e00000] [id=19432]
  0x0000022179fb4e10 ConcurrentGCThread "G1 Main Marker" [stack: 0x0000002602500000,0x0000002602600000] [id=10988]
  0x0000022179fb5980 ConcurrentGCThread "G1 Conc#0" [stack: 0x0000002602600000,0x0000002602700000] [id=4964]
  0x000002211a0ec870 ConcurrentGCThread "G1 Conc#1" [stack: 0x0000002603e00000,0x0000002603f00000] [id=20952]
  0x0000022179ffec50 ConcurrentGCThread "G1 Refine#0" [stack: 0x0000002602700000,0x0000002602800000] [id=5720]
  0x000002217f7acc60 ConcurrentGCThread "G1 Service" [stack: 0x0000002602800000,0x0000002602900000] [id=13456]

Threads with active compile tasks:
C2 CompilerThread0    14456 3805       4       org.jetbrains.kotlin.parsing.AbstractKotlinParsing::tt (10 bytes)
C2 CompilerThread1    14456 3782       4       org.jetbrains.kotlin.parsing.SemanticWhitespaceAwarePsiBuilderImpl::getTokenType (22 bytes)
C2 CompilerThread2    14456 3906       4       org.jetbrains.kotlin.parsing.AbstractKotlinParsing::_at (12 bytes)

VM state: not at safepoint (normal execution)

VM Mutex/Monitor currently owned by a thread: None

Heap address: 0x0000000706200000, size: 3998 MB, Compressed Oops mode: Zero based, Oop shift amount: 3

CDS archive(s) not mapped
Compressed class space mapped at: 0x0000000800000000-0x0000000840000000, reserved size: 1073741824
Narrow klass base: 0x0000000800000000, Narrow klass shift: 0, Narrow klass range: 0x40000000

GC Precious Log:
 CPUs: 8 total, 8 available
 Memory: 15984M
 Large Page Support: Disabled
 NUMA Support: Disabled
 Compressed Oops: Enabled (Zero based)
 Heap Region Size: 2M
 Heap Min Capacity: 8M
 Heap Initial Capacity: 250M
 Heap Max Capacity: 3998M
 Pre-touch: Disabled
 Parallel Workers: 8
 Concurrent Workers: 2
 Concurrent Refinement Workers: 8
 Periodic GC: Disabled

Heap:
 garbage-first heap   total 155648K, used 92902K [0x0000000706200000, 0x0000000800000000)
  region size 2048K, 33 young (67584K), 1 survivors (2048K)
 Metaspace       used 47822K, committed 48064K, reserved 1097728K
  class space    used 5719K, committed 5824K, reserved 1048576K

Heap Regions: E=young(eden), S=young(survivor), O=old, HS=humongous(starts), HC=humongous(continues), CS=collection set, F=free, OA=open archive, CA=closed archive, TAMS=top-at-mark-start (previous, next)
|   0|0x0000000706200000, 0x0000000706400000, 0x0000000706400000|100%|HS|  |TAMS 0x0000000706400000, 0x0000000706200000| Complete 
|   1|0x0000000706400000, 0x0000000706600000, 0x0000000706600000|100%|HC|  |TAMS 0x0000000706600000, 0x0000000706400000| Complete 
|   2|0x0000000706600000, 0x0000000706800000, 0x0000000706800000|100%|HS|  |TAMS 0x0000000706800000, 0x0000000706600000| Complete 
|   3|0x0000000706800000, 0x0000000706a00000, 0x0000000706a00000|100%|HC|  |TAMS 0x0000000706a00000, 0x0000000706800000| Complete 
|   4|0x0000000706a00000, 0x0000000706a00000, 0x0000000706c00000|  0%| F|  |TAMS 0x0000000706a00000, 0x0000000706a00000| Untracked 
|   5|0x0000000706c00000, 0x0000000706e00000, 0x0000000706e00000|100%|HS|  |TAMS 0x0000000706e00000, 0x0000000706c00000| Complete 
|   6|0x0000000706e00000, 0x0000000707000000, 0x0000000707000000|100%| O|  |TAMS 0x0000000707000000, 0x0000000706e00000| Untracked 
|   7|0x0000000707000000, 0x0000000707200000, 0x0000000707200000|100%| O|  |TAMS 0x0000000707200000, 0x0000000707000000| Untracked 
|   8|0x0000000707200000, 0x0000000707400000, 0x0000000707400000|100%| O|  |TAMS 0x0000000707200000, 0x0000000707200000| Untracked 
|   9|0x0000000707400000, 0x0000000707600000, 0x0000000707600000|100%| O|  |TAMS 0x0000000707600000, 0x0000000707400000| Untracked 
|  10|0x0000000707600000, 0x0000000707800000, 0x0000000707800000|100%| O|  |TAMS 0x0000000707800000, 0x0000000707600000| Untracked 
|  11|0x0000000707800000, 0x0000000707a00000, 0x0000000707a00000|100%| O|  |TAMS 0x0000000707a00000, 0x0000000707800000| Untracked 
|  12|0x0000000707a00000, 0x0000000707c00000, 0x0000000707c00000|100%| O|  |TAMS 0x0000000707c00000, 0x0000000707a00000| Untracked 
|  13|0x0000000707c00000, 0x0000000707e00000, 0x0000000707e00000|100%| O|  |TAMS 0x0000000707c00000, 0x0000000707c00000| Untracked 
|  14|0x0000000707e00000, 0x0000000708000000, 0x0000000708000000|100%| O|  |TAMS 0x0000000707e45800, 0x0000000707e00000| Untracked 
|  15|0x0000000708000000, 0x000000070806de00, 0x0000000708200000| 21%| O|  |TAMS 0x0000000708000000, 0x0000000708000000| Untracked 
|  16|0x0000000708200000, 0x0000000708200000, 0x0000000708400000|  0%| F|  |TAMS 0x0000000708200000, 0x0000000708200000| Untracked 
|  17|0x0000000708400000, 0x0000000708400000, 0x0000000708600000|  0%| F|  |TAMS 0x0000000708400000, 0x0000000708400000| Untracked 
|  18|0x0000000708600000, 0x0000000708600000, 0x0000000708800000|  0%| F|  |TAMS 0x0000000708600000, 0x0000000708600000| Untracked 
|  19|0x0000000708800000, 0x0000000708800000, 0x0000000708a00000|  0%| F|  |TAMS 0x0000000708800000, 0x0000000708800000| Untracked 
|  20|0x0000000708a00000, 0x0000000708a00000, 0x0000000708c00000|  0%| F|  |TAMS 0x0000000708a00000, 0x0000000708a00000| Untracked 
|  21|0x0000000708c00000, 0x0000000708c00000, 0x0000000708e00000|  0%| F|  |TAMS 0x0000000708c00000, 0x0000000708c00000| Untracked 
|  22|0x0000000708e00000, 0x0000000708e00000, 0x0000000709000000|  0%| F|  |TAMS 0x0000000708e00000, 0x0000000708e00000| Untracked 
|  23|0x0000000709000000, 0x0000000709000000, 0x0000000709200000|  0%| F|  |TAMS 0x0000000709000000, 0x0000000709000000| Untracked 
|  24|0x0000000709200000, 0x0000000709200000, 0x0000000709400000|  0%| F|  |TAMS 0x0000000709200000, 0x0000000709200000| Untracked 
|  25|0x0000000709400000, 0x0000000709400000, 0x0000000709600000|  0%| F|  |TAMS 0x0000000709400000, 0x0000000709400000| Untracked 
|  26|0x0000000709600000, 0x0000000709600000, 0x0000000709800000|  0%| F|  |TAMS 0x0000000709600000, 0x0000000709600000| Untracked 
|  27|0x0000000709800000, 0x0000000709800000, 0x0000000709a00000|  0%| F|  |TAMS 0x0000000709800000, 0x0000000709800000| Untracked 
|  28|0x0000000709a00000, 0x0000000709a00000, 0x0000000709c00000|  0%| F|  |TAMS 0x0000000709a00000, 0x0000000709a00000| Untracked 
|  29|0x0000000709c00000, 0x0000000709c00000, 0x0000000709e00000|  0%| F|  |TAMS 0x0000000709c00000, 0x0000000709c00000| Untracked 
|  30|0x0000000709e00000, 0x0000000709e00000, 0x000000070a000000|  0%| F|  |TAMS 0x0000000709e00000, 0x0000000709e00000| Untracked 
|  31|0x000000070a000000, 0x000000070a000000, 0x000000070a200000|  0%| F|  |TAMS 0x000000070a000000, 0x000000070a000000| Untracked 
|  32|0x000000070a200000, 0x000000070a200000, 0x000000070a400000|  0%| F|  |TAMS 0x000000070a200000, 0x000000070a200000| Untracked 
|  33|0x000000070a400000, 0x000000070a400000, 0x000000070a600000|  0%| F|  |TAMS 0x000000070a400000, 0x000000070a400000| Untracked 
|  34|0x000000070a600000, 0x000000070a600000, 0x000000070a800000|  0%| F|  |TAMS 0x000000070a600000, 0x000000070a600000| Untracked 
|  35|0x000000070a800000, 0x000000070a800000, 0x000000070aa00000|  0%| F|  |TAMS 0x000000070a800000, 0x000000070a800000| Untracked 
|  36|0x000000070aa00000, 0x000000070aa00000, 0x000000070ac00000|  0%| F|  |TAMS 0x000000070aa00000, 0x000000070aa00000| Untracked 
|  37|0x000000070ac00000, 0x000000070ac00000, 0x000000070ae00000|  0%| F|  |TAMS 0x000000070ac00000, 0x000000070ac00000| Untracked 
|  38|0x000000070ae00000, 0x000000070ae00000, 0x000000070b000000|  0%| F|  |TAMS 0x000000070ae00000, 0x000000070ae00000| Untracked 
|  39|0x000000070b000000, 0x000000070b000000, 0x000000070b200000|  0%| F|  |TAMS 0x000000070b000000, 0x000000070b000000| Untracked 
|  40|0x000000070b200000, 0x000000070b200000, 0x000000070b400000|  0%| F|  |TAMS 0x000000070b200000, 0x000000070b200000| Untracked 
|  41|0x000000070b400000, 0x000000070b400000, 0x000000070b600000|  0%| F|  |TAMS 0x000000070b400000, 0x000000070b400000| Untracked 
|  42|0x000000070b600000, 0x000000070b600000, 0x000000070b800000|  0%| F|  |TAMS 0x000000070b600000, 0x000000070b600000| Untracked 
|  43|0x000000070b800000, 0x000000070b900800, 0x000000070ba00000| 50%| E|  |TAMS 0x000000070b800000, 0x000000070b800000| Complete 
|  44|0x000000070ba00000, 0x000000070bc00000, 0x000000070bc00000|100%| E|CS|TAMS 0x000000070ba00000, 0x000000070ba00000| Complete 
|  45|0x000000070bc00000, 0x000000070be00000, 0x000000070be00000|100%| E|CS|TAMS 0x000000070bc00000, 0x000000070bc00000| Complete 
|  46|0x000000070be00000, 0x000000070c000000, 0x000000070c000000|100%| E|CS|TAMS 0x000000070be00000, 0x000000070be00000| Complete 
|  47|0x000000070c000000, 0x000000070c200000, 0x000000070c200000|100%| E|CS|TAMS 0x000000070c000000, 0x000000070c000000| Complete 
|  48|0x000000070c200000, 0x000000070c400000, 0x000000070c400000|100%| E|CS|TAMS 0x000000070c200000, 0x000000070c200000| Complete 
|  49|0x000000070c400000, 0x000000070c600000, 0x000000070c600000|100%| E|CS|TAMS 0x000000070c400000, 0x000000070c400000| Complete 
|  50|0x000000070c600000, 0x000000070c800000, 0x000000070c800000|100%| E|CS|TAMS 0x000000070c600000, 0x000000070c600000| Complete 
|  51|0x000000070c800000, 0x000000070ca00000, 0x000000070ca00000|100%| E|CS|TAMS 0x000000070c800000, 0x000000070c800000| Complete 
|  52|0x000000070ca00000, 0x000000070cc00000, 0x000000070cc00000|100%| E|CS|TAMS 0x000000070ca00000, 0x000000070ca00000| Complete 
|  53|0x000000070cc00000, 0x000000070ce00000, 0x000000070ce00000|100%| E|CS|TAMS 0x000000070cc00000, 0x000000070cc00000| Complete 
|  54|0x000000070ce00000, 0x000000070d000000, 0x000000070d000000|100%| E|CS|TAMS 0x000000070ce00000, 0x000000070ce00000| Complete 
|  55|0x000000070d000000, 0x000000070d200000, 0x000000070d200000|100%| E|CS|TAMS 0x000000070d000000, 0x000000070d000000| Complete 
|  56|0x000000070d200000, 0x000000070d400000, 0x000000070d400000|100%| E|CS|TAMS 0x000000070d200000, 0x000000070d200000| Complete 
|  57|0x000000070d400000, 0x000000070d600000, 0x000000070d600000|100%| E|CS|TAMS 0x000000070d400000, 0x000000070d400000| Complete 
|  58|0x000000070d600000, 0x000000070d800000, 0x000000070d800000|100%| E|CS|TAMS 0x000000070d600000, 0x000000070d600000| Complete 
|  59|0x000000070d800000, 0x000000070da00000, 0x000000070da00000|100%| E|CS|TAMS 0x000000070d800000, 0x000000070d800000| Complete 
|  60|0x000000070da00000, 0x000000070dc00000, 0x000000070dc00000|100%| E|CS|TAMS 0x000000070da00000, 0x000000070da00000| Complete 
|  61|0x000000070dc00000, 0x000000070de00000, 0x000000070de00000|100%| E|CS|TAMS 0x000000070dc00000, 0x000000070dc00000| Complete 
|  62|0x000000070de00000, 0x000000070e000000, 0x000000070e000000|100%| E|CS|TAMS 0x000000070de00000, 0x000000070de00000| Complete 
|  63|0x000000070e000000, 0x000000070e200000, 0x000000070e200000|100%| E|CS|TAMS 0x000000070e000000, 0x000000070e000000| Complete 
|  64|0x000000070e200000, 0x000000070e400000, 0x000000070e400000|100%| E|CS|TAMS 0x000000070e200000, 0x000000070e200000| Complete 
|  65|0x000000070e400000, 0x000000070e600000, 0x000000070e600000|100%| E|CS|TAMS 0x000000070e400000, 0x000000070e400000| Complete 
|  66|0x000000070e600000, 0x000000070e800000, 0x000000070e800000|100%| E|CS|TAMS 0x000000070e600000, 0x000000070e600000| Complete 
|  67|0x000000070e800000, 0x000000070ea00000, 0x000000070ea00000|100%| E|CS|TAMS 0x000000070e800000, 0x000000070e800000| Complete 
|  68|0x000000070ea00000, 0x000000070ec00000, 0x000000070ec00000|100%| E|CS|TAMS 0x000000070ea00000, 0x000000070ea00000| Complete 
|  69|0x000000070ec00000, 0x000000070ee00000, 0x000000070ee00000|100%| E|CS|TAMS 0x000000070ec00000, 0x000000070ec00000| Complete 
|  70|0x000000070ee00000, 0x000000070f000000, 0x000000070f000000|100%| E|CS|TAMS 0x000000070ee00000, 0x000000070ee00000| Complete 
| 117|0x0000000714c00000, 0x0000000714e00000, 0x0000000714e00000|100%| E|CS|TAMS 0x0000000714c00000, 0x0000000714c00000| Complete 
| 118|0x0000000714e00000, 0x0000000715000000, 0x0000000715000000|100%| E|CS|TAMS 0x0000000714e00000, 0x0000000714e00000| Complete 
| 119|0x0000000715000000, 0x0000000715200000, 0x0000000715200000|100%| E|CS|TAMS 0x0000000715000000, 0x0000000715000000| Complete 
| 120|0x0000000715200000, 0x000000071524bb80, 0x0000000715400000| 14%| S|CS|TAMS 0x0000000715200000, 0x0000000715200000| Complete 
| 124|0x0000000715a00000, 0x0000000715c00000, 0x0000000715c00000|100%| E|CS|TAMS 0x0000000715a00000, 0x0000000715a00000| Complete 

Card table byte_map: [0x000002217df00000,0x000002217e6d0000] _byte_map_base: 0x000002217a6cf000

Marking Bits (Prev, Next): (CMBitMap*) 0x0000022179fa4b10, (CMBitMap*) 0x0000022179fa4b50
 Prev Bits: [0x000002210f000000, 0x0000022112e78000)
 Next Bits: [0x0000022112e80000, 0x0000022116cf8000)

Polling page: 0x0000022179700000

Metaspace:

Usage:
  Non-class:     41.12 MB used.
      Class:      5.59 MB used.
       Both:     46.70 MB used.

Virtual space:
  Non-class space:       48.00 MB reserved,      41.25 MB ( 86%) committed,  6 nodes.
      Class space:        1.00 GB reserved,       5.69 MB ( <1%) committed,  1 nodes.
             Both:        1.05 GB reserved,      46.94 MB (  4%) committed. 

Chunk freelists:
   Non-Class:  2.63 MB
       Class:  2.20 MB
        Both:  4.83 MB

MaxMetaspaceSize: unlimited
CompressedClassSpaceSize: 1.00 GB
Initial GC threshold: 21.00 MB
Current GC threshold: 55.88 MB
CDS: off
MetaspaceReclaimPolicy: balanced
 - commit_granule_bytes: 65536.
 - commit_granule_words: 8192.
 - virtual_space_node_default_size: 1048576.
 - enlarge_chunks_in_place: 1.
 - new_chunks_are_fully_committed: 0.
 - uncommit_free_chunks: 1.
 - use_allocation_guard: 0.
 - handle_deallocations: 1.


Internal statistics:

num_allocs_failed_limit: 3.
num_arena_births: 204.
num_arena_deaths: 0.
num_vsnodes_births: 7.
num_vsnodes_deaths: 0.
num_space_committed: 749.
num_space_uncommitted: 0.
num_chunks_returned_to_freelist: 3.
num_chunks_taken_from_freelist: 1519.
num_chunk_merges: 3.
num_chunk_splits: 1236.
num_chunks_enlarged: 1089.
num_purges: 0.
num_inconsistent_stats: 0.

CodeHeap 'non-profiled nmethods': size=120000Kb used=2040Kb max_used=2040Kb free=117959Kb
 bounds [0x0000022107ad0000, 0x0000022107d40000, 0x000002210f000000]
CodeHeap 'profiled nmethods': size=120000Kb used=8054Kb max_used=8054Kb free=111946Kb
 bounds [0x0000022100000000, 0x00000221007e0000, 0x0000022107530000]
CodeHeap 'non-nmethods': size=5760Kb used=1281Kb max_used=1333Kb free=4478Kb
 bounds [0x0000022107530000, 0x00000221077a0000, 0x0000022107ad0000]
 total_blobs=4540 nmethods=3943 adapters=508
 compilation: enabled
              stopped_count=0, restarted_count=0
 full_count=0

Compilation events (20 events):
Event: 14.332 Thread 0x0000022119893170 3955       3       org.jetbrains.kotlin.parsing.SemanticWhitespaceAwarePsiBuilderImpl::restoreJoiningComplexTokensState (9 bytes)
Event: 14.333 Thread 0x0000022119893170 nmethod 3955 0x00000221007d9a90 code [0x00000221007d9c60, 0x00000221007da058]
Event: 14.333 Thread 0x0000022119893170 3957       3       org.jetbrains.kotlin.com.intellij.lang.impl.MarkerOptionalData::assignBinder (51 bytes)
Event: 14.334 Thread 0x0000022119893170 nmethod 3957 0x00000221007da190 code [0x00000221007da3a0, 0x00000221007da958]
Event: 14.337 Thread 0x0000022119893170 3958       3       org.jetbrains.kotlin.com.intellij.psi.tree.TokenSet::contains (58 bytes)
Event: 14.338 Thread 0x0000022119893170 nmethod 3958 0x00000221007dab90 code [0x00000221007dad60, 0x00000221007db188]
Event: 14.339 Thread 0x0000022119893170 3959       3       org.jetbrains.kotlin.com.intellij.lang.impl.PsiBuilderImpl$RelativeTokenTypesView::get (6 bytes)
Event: 14.339 Thread 0x0000022119893170 nmethod 3959 0x00000221007db310 code [0x00000221007db4c0, 0x00000221007db678]
Event: 14.339 Thread 0x0000022119893170 3960       3       org.jetbrains.kotlin.com.intellij.openapi.util.text.StringUtil::isLineBreak (18 bytes)
Event: 14.339 Thread 0x0000022119893170 nmethod 3960 0x00000221007db790 code [0x00000221007db920, 0x00000221007dba98]
Event: 14.339 Thread 0x0000022119893170 3961       3       org.jetbrains.kotlin.com.intellij.util.text.CharSequenceSubSequence::charAt (16 bytes)
Event: 14.339 Thread 0x0000022119893170 nmethod 3961 0x00000221007dbb10 code [0x00000221007dbcc0, 0x00000221007dbea8]
Event: 14.341 Thread 0x0000022119893170 3963       3       org.jetbrains.kotlin.com.intellij.util.text.CharSequenceSubSequence::length (10 bytes)
Event: 14.341 Thread 0x0000022119893170 nmethod 3963 0x00000221007dbf90 code [0x00000221007dc120, 0x00000221007dc238]
Event: 14.342 Thread 0x0000022119893170 3966       3       org.jetbrains.kotlin.com.intellij.lang.impl.PsiBuilderImpl$RelativeTokenTextView::get (51 bytes)
Event: 14.342 Thread 0x0000022119893170 nmethod 3966 0x00000221007dc310 code [0x00000221007dc4e0, 0x00000221007dc7d8]
Event: 14.344 Thread 0x0000022119893170 3970       3       gnu.trove.TIntObjectHashMap::wrapNull (12 bytes)
Event: 14.345 Thread 0x0000022119893170 nmethod 3970 0x00000221007dc990 code [0x00000221007dcb20, 0x00000221007dcc58]
Event: 14.345 Thread 0x0000022119893170 3971       3       gnu.trove.THash::postInsertHook (72 bytes)
Event: 14.345 Thread 0x0000022119893170 nmethod 3971 0x00000221007dcd10 code [0x00000221007dcf20, 0x00000221007dd5e8]

GC Heap History (20 events):
Event: 2.447 GC heap before
{Heap before GC invocations=0 (full 0):
 garbage-first heap   total 256000K, used 24576K [0x0000000706200000, 0x0000000800000000)
  region size 2048K, 11 young (22528K), 0 survivors (0K)
 Metaspace       used 12776K, committed 12928K, reserved 1064960K
  class space    used 1216K, committed 1280K, reserved 1048576K
}
Event: 2.584 GC heap after
{Heap after GC invocations=1 (full 0):
 garbage-first heap   total 256000K, used 6698K [0x0000000706200000, 0x0000000800000000)
  region size 2048K, 2 young (4096K), 2 survivors (4096K)
 Metaspace       used 12776K, committed 12928K, reserved 1064960K
  class space    used 1216K, committed 1280K, reserved 1048576K
}
Event: 4.105 GC heap before
{Heap before GC invocations=1 (full 0):
 garbage-first heap   total 256000K, used 37418K [0x0000000706200000, 0x0000000800000000)
  region size 2048K, 17 young (34816K), 2 survivors (4096K)
 Metaspace       used 18778K, committed 18944K, reserved 1073152K
  class space    used 1983K, committed 2048K, reserved 1048576K
}
Event: 4.114 GC heap after
{Heap after GC invocations=2 (full 0):
 garbage-first heap   total 256000K, used 9960K [0x0000000706200000, 0x0000000800000000)
  region size 2048K, 3 young (6144K), 3 survivors (6144K)
 Metaspace       used 18778K, committed 18944K, reserved 1073152K
  class space    used 1983K, committed 2048K, reserved 1048576K
}
Event: 4.528 GC heap before
{Heap before GC invocations=2 (full 0):
 garbage-first heap   total 256000K, used 16104K [0x0000000706200000, 0x0000000800000000)
  region size 2048K, 7 young (14336K), 3 survivors (6144K)
 Metaspace       used 21355K, committed 21504K, reserved 1073152K
  class space    used 2373K, committed 2432K, reserved 1048576K
}
Event: 4.534 GC heap after
{Heap after GC invocations=3 (full 0):
 garbage-first heap   total 256000K, used 10778K [0x0000000706200000, 0x0000000800000000)
  region size 2048K, 4 young (8192K), 4 survivors (8192K)
 Metaspace       used 21355K, committed 21504K, reserved 1073152K
  class space    used 2373K, committed 2432K, reserved 1048576K
}
Event: 5.660 GC heap before
{Heap before GC invocations=4 (full 0):
 garbage-first heap   total 49152K, used 35354K [0x0000000706200000, 0x0000000800000000)
  region size 2048K, 15 young (30720K), 4 survivors (8192K)
 Metaspace       used 28165K, committed 28416K, reserved 1081344K
  class space    used 3150K, committed 3264K, reserved 1048576K
}
Event: 5.673 GC heap after
{Heap after GC invocations=5 (full 0):
 garbage-first heap   total 49152K, used 16911K [0x0000000706200000, 0x0000000800000000)
  region size 2048K, 5 young (10240K), 5 survivors (10240K)
 Metaspace       used 28165K, committed 28416K, reserved 1081344K
  class space    used 3150K, committed 3264K, reserved 1048576K
}
Event: 7.157 GC heap before
{Heap before GC invocations=5 (full 0):
 garbage-first heap   total 49152K, used 31247K [0x0000000706200000, 0x0000000800000000)
  region size 2048K, 12 young (24576K), 5 survivors (10240K)
 Metaspace       used 32870K, committed 33152K, reserved 1081344K
  class space    used 4005K, committed 4096K, reserved 1048576K
}
Event: 7.172 GC heap after
{Heap after GC invocations=6 (full 0):
 garbage-first heap   total 49152K, used 17939K [0x0000000706200000, 0x0000000800000000)
  region size 2048K, 2 young (4096K), 2 survivors (4096K)
 Metaspace       used 32870K, committed 33152K, reserved 1081344K
  class space    used 4005K, committed 4096K, reserved 1048576K
}
Event: 9.296 GC heap before
{Heap before GC invocations=6 (full 0):
 garbage-first heap   total 49152K, used 32275K [0x0000000706200000, 0x0000000800000000)
  region size 2048K, 10 young (20480K), 2 survivors (4096K)
 Metaspace       used 33614K, committed 33920K, reserved 1081344K
  class space    used 4074K, committed 4224K, reserved 1048576K
}
Event: 9.314 GC heap after
{Heap after GC invocations=7 (full 0):
 garbage-first heap   total 49152K, used 21612K [0x0000000706200000, 0x0000000800000000)
  region size 2048K, 2 young (4096K), 2 survivors (4096K)
 Metaspace       used 33614K, committed 33920K, reserved 1081344K
  class space    used 4074K, committed 4224K, reserved 1048576K
}
Event: 9.864 GC heap before
{Heap before GC invocations=7 (full 0):
 garbage-first heap   total 49152K, used 35948K [0x0000000706200000, 0x0000000800000000)
  region size 2048K, 8 young (16384K), 2 survivors (4096K)
 Metaspace       used 33726K, committed 34112K, reserved 1081344K
  class space    used 4074K, committed 4224K, reserved 1048576K
}
Event: 9.886 GC heap after
{Heap after GC invocations=8 (full 0):
 garbage-first heap   total 49152K, used 26902K [0x0000000706200000, 0x0000000800000000)
  region size 2048K, 1 young (2048K), 1 survivors (2048K)
 Metaspace       used 33726K, committed 34112K, reserved 1081344K
  class space    used 4074K, committed 4224K, reserved 1048576K
}
Event: 10.145 GC heap before
{Heap before GC invocations=8 (full 0):
 garbage-first heap   total 49152K, used 35094K [0x0000000706200000, 0x0000000800000000)
  region size 2048K, 5 young (10240K), 1 survivors (2048K)
 Metaspace       used 34023K, committed 34304K, reserved 1081344K
  class space    used 4103K, committed 4224K, reserved 1048576K
}
Event: 10.158 GC heap after
{Heap after GC invocations=9 (full 0):
 garbage-first heap   total 49152K, used 29120K [0x0000000706200000, 0x0000000800000000)
  region size 2048K, 1 young (2048K), 1 survivors (2048K)
 Metaspace       used 34023K, committed 34304K, reserved 1081344K
  class space    used 4103K, committed 4224K, reserved 1048576K
}
Event: 10.321 GC heap before
{Heap before GC invocations=10 (full 0):
 garbage-first heap   total 55296K, used 35264K [0x0000000706200000, 0x0000000800000000)
  region size 2048K, 4 young (8192K), 1 survivors (2048K)
 Metaspace       used 34112K, committed 34432K, reserved 1081344K
  class space    used 4116K, committed 4288K, reserved 1048576K
}
Event: 10.328 GC heap after
{Heap after GC invocations=11 (full 0):
 garbage-first heap   total 55296K, used 29896K [0x0000000706200000, 0x0000000800000000)
  region size 2048K, 1 young (2048K), 1 survivors (2048K)
 Metaspace       used 34112K, committed 34432K, reserved 1081344K
  class space    used 4116K, committed 4288K, reserved 1048576K
}
Event: 10.777 GC heap before
{Heap before GC invocations=11 (full 0):
 garbage-first heap   total 55296K, used 31944K [0x0000000706200000, 0x0000000800000000)
  region size 2048K, 2 young (4096K), 1 survivors (2048K)
 Metaspace       used 34406K, committed 34688K, reserved 1081344K
  class space    used 4146K, committed 4288K, reserved 1048576K
}
Event: 10.784 GC heap after
{Heap after GC invocations=12 (full 0):
 garbage-first heap   total 155648K, used 29414K [0x0000000706200000, 0x0000000800000000)
  region size 2048K, 1 young (2048K), 1 survivors (2048K)
 Metaspace       used 34406K, committed 34688K, reserved 1081344K
  class space    used 4146K, committed 4288K, reserved 1048576K
}

Dll operation events (2 events):
Event: 0.049 Loaded shared library C:\Program Files\Android\Android Studio\jbr\bin\java.dll
Event: 4.010 Loaded shared library C:\Program Files\Android\Android Studio\jbr\bin\verify.dll

Deoptimization events (20 events):
Event: 13.889 Thread 0x0000022179f389a0 Uncommon trap: trap_request=0xffffffde fr.pc=0x0000022107c5cf48 relative=0x0000000000000128
Event: 13.889 Thread 0x0000022179f389a0 Uncommon trap: reason=class_check action=maybe_recompile pc=0x0000022107c5cf48 method=org.jetbrains.kotlin.com.intellij.openapi.util.text.StringUtil.getLineBreakCount(Ljava/lang/CharSequence;)I @ 15 c2
Event: 13.889 Thread 0x0000022179f389a0 DEOPT PACKING pc=0x0000022107c5cf48 sp=0x00000026022fd9c0
Event: 13.889 Thread 0x0000022179f389a0 DEOPT UNPACKING pc=0x00000221075869a3 sp=0x00000026022fd950 mode 2
Event: 13.889 Thread 0x0000022179f389a0 Uncommon trap: trap_request=0xffffffde fr.pc=0x0000022107c5cf48 relative=0x0000000000000128
Event: 13.889 Thread 0x0000022179f389a0 Uncommon trap: reason=class_check action=maybe_recompile pc=0x0000022107c5cf48 method=org.jetbrains.kotlin.com.intellij.openapi.util.text.StringUtil.getLineBreakCount(Ljava/lang/CharSequence;)I @ 15 c2
Event: 13.889 Thread 0x0000022179f389a0 DEOPT PACKING pc=0x0000022107c5cf48 sp=0x00000026022fd9c0
Event: 13.889 Thread 0x0000022179f389a0 DEOPT UNPACKING pc=0x00000221075869a3 sp=0x00000026022fd950 mode 2
Event: 13.941 Thread 0x0000022179f389a0 Uncommon trap: trap_request=0xffffffde fr.pc=0x0000022107c5cf48 relative=0x0000000000000128
Event: 13.941 Thread 0x0000022179f389a0 Uncommon trap: reason=class_check action=maybe_recompile pc=0x0000022107c5cf48 method=org.jetbrains.kotlin.com.intellij.openapi.util.text.StringUtil.getLineBreakCount(Ljava/lang/CharSequence;)I @ 15 c2
Event: 13.941 Thread 0x0000022179f389a0 DEOPT PACKING pc=0x0000022107c5cf48 sp=0x00000026022fd350
Event: 13.941 Thread 0x0000022179f389a0 DEOPT UNPACKING pc=0x00000221075869a3 sp=0x00000026022fd2e0 mode 2
Event: 14.334 Thread 0x0000022179f389a0 Uncommon trap: trap_request=0xffffff45 fr.pc=0x0000022107cc7574 relative=0x0000000000000a94
Event: 14.334 Thread 0x0000022179f389a0 Uncommon trap: reason=unstable_if action=reinterpret pc=0x0000022107cc7574 method=org.jetbrains.kotlin.com.intellij.lang.impl.PsiBuilderImpl.calcTokenType()Lorg/jetbrains/kotlin/com/intellij/psi/tree/IElementType; @ 4 c2
Event: 14.334 Thread 0x0000022179f389a0 DEOPT PACKING pc=0x0000022107cc7574 sp=0x00000026022fc150
Event: 14.334 Thread 0x0000022179f389a0 DEOPT UNPACKING pc=0x00000221075869a3 sp=0x00000026022fc108 mode 2
Event: 14.335 Thread 0x0000022179f389a0 Uncommon trap: trap_request=0xffffff45 fr.pc=0x0000022107cc40e8 relative=0x0000000000000148
Event: 14.335 Thread 0x0000022179f389a0 Uncommon trap: reason=unstable_if action=reinterpret pc=0x0000022107cc40e8 method=org.jetbrains.kotlin.com.intellij.psi.tree.TokenSet.contains(Lorg/jetbrains/kotlin/com/intellij/psi/tree/IElementType;)Z @ 1 c2
Event: 14.335 Thread 0x0000022179f389a0 DEOPT PACKING pc=0x0000022107cc40e8 sp=0x00000026022fc5c0
Event: 14.335 Thread 0x0000022179f389a0 DEOPT UNPACKING pc=0x00000221075869a3 sp=0x00000026022fc568 mode 2

Classes unloaded (0 events):
No events

Classes redefined (0 events):
No events

Internal exceptions (20 events):
Event: 3.752 Thread 0x0000022179f389a0 Exception <a 'java/lang/NoSuchMethodError'{0x0000000713ee9cd0}: 'int java.lang.invoke.DirectMethodHandle$Holder.invokeSpecial(java.lang.Object, java.lang.Object, java.lang.Object, java.lang.Object)'> (0x0000000713ee9cd0) 
thrown [s\src\hotspot\share\interpreter\linkResolver.cpp, line 771]
Event: 3.753 Thread 0x0000022179f389a0 Exception <a 'java/lang/NoSuchMethodError'{0x0000000713eed338}: 'int java.lang.invoke.Invokers$Holder.invoke_MT(java.lang.Object, java.lang.Object, java.lang.Object, java.lang.Object)'> (0x0000000713eed338) 
thrown [s\src\hotspot\share\interpreter\linkResolver.cpp, line 771]
Event: 3.758 Thread 0x0000022179f389a0 Exception <a 'java/lang/NoSuchMethodError'{0x0000000713efcf58}: 'int java.lang.invoke.DelegatingMethodHandle$Holder.reinvoke_L(java.lang.Object, java.lang.Object, java.lang.Object, long, int)'> (0x0000000713efcf58) 
thrown [s\src\hotspot\share\interpreter\linkResolver.cpp, line 771]
Event: 4.021 Thread 0x0000022179f389a0 Exception <a 'java/lang/NoSuchMethodError'{0x0000000713a71dd8}: 'java.lang.Object java.lang.invoke.DirectMethodHandle$Holder.invokeStaticInit(java.lang.Object)'> (0x0000000713a71dd8) 
thrown [s\src\hotspot\share\interpreter\linkResolver.cpp, line 771]
Event: 4.630 Thread 0x0000022179f389a0 Exception <a 'java/lang/NoSuchMethodError'{0x0000000708658e50}: 'java.lang.Object java.lang.invoke.DirectMethodHandle$Holder.invokeStaticInit(java.lang.Object, int)'> (0x0000000708658e50) 
thrown [s\src\hotspot\share\interpreter\linkResolver.cpp, line 771]
Event: 4.643 Thread 0x0000022179f389a0 Exception <a 'java/lang/NoSuchMethodError'{0x00000007086d8500}: 'void java.lang.invoke.DirectMethodHandle$Holder.invokeStatic(java.lang.Object, java.lang.Object)'> (0x00000007086d8500) 
thrown [s\src\hotspot\share\interpreter\linkResolver.cpp, line 771]
Event: 4.682 Thread 0x0000022179f389a0 Exception <a 'java/lang/NoSuchMethodError'{0x00000007084020c8}: 'long java.lang.invoke.DirectMethodHandle$Holder.invokeStatic(java.lang.Object)'> (0x00000007084020c8) 
thrown [s\src\hotspot\share\interpreter\linkResolver.cpp, line 771]
Event: 4.683 Thread 0x0000022179f389a0 Exception <a 'java/lang/NoSuchMethodError'{0x0000000708405820}: 'long java.lang.invoke.DirectMethodHandle$Holder.invokeStaticInit(java.lang.Object)'> (0x0000000708405820) 
thrown [s\src\hotspot\share\interpreter\linkResolver.cpp, line 771]
Event: 4.784 Thread 0x0000022179f389a0 Exception <a 'java/lang/NoSuchMethodError'{0x000000070837aea8}: 'int java.lang.invoke.DirectMethodHandle$Holder.invokeStaticInit(java.lang.Object, java.lang.Object, java.lang.Object)'> (0x000000070837aea8) 
thrown [s\src\hotspot\share\interpreter\linkResolver.cpp, line 771]
Event: 4.791 Thread 0x0000022179f389a0 Exception <a 'java/lang/NoSuchMethodError'{0x00000007083a2600}: 'int java.lang.invoke.DirectMethodHandle$Holder.invokeStaticInit(java.lang.Object, java.lang.Object)'> (0x00000007083a2600) 
thrown [s\src\hotspot\share\interpreter\linkResolver.cpp, line 771]
Event: 4.819 Thread 0x0000022179f389a0 Exception <a 'java/lang/NoSuchMethodError'{0x0000000708078390}: 'void java.lang.invoke.DirectMethodHandle$Holder.invokeSpecial(java.lang.Object, java.lang.Object, java.lang.Object)'> (0x0000000708078390) 
thrown [s\src\hotspot\share\interpreter\linkResolver.cpp, line 771]
Event: 5.505 Thread 0x0000022179f389a0 Exception <a 'java/lang/NoSuchMethodError'{0x0000000707431ce8}: 'void java.lang.invoke.DirectMethodHandle$Holder.invokeStatic(java.lang.Object, java.lang.Object, java.lang.Object, java.lang.Object)'> (0x0000000707431ce8) 
thrown [s\src\hotspot\share\interpreter\linkResolver.cpp, line 771]
Event: 5.728 Thread 0x0000022179f389a0 Exception <a 'java/lang/NoSuchMethodError'{0x0000000715be0b98}: 'void java.lang.invoke.DirectMethodHandle$Holder.invokeStaticInit(java.lang.Object, java.lang.Object)'> (0x0000000715be0b98) 
thrown [s\src\hotspot\share\interpreter\linkResolver.cpp, line 771]
Event: 6.379 Thread 0x0000022179f389a0 Exception <a 'java/lang/NoSuchMethodError'{0x0000000714faeed0}: 'void java.lang.invoke.DirectMethodHandle$Holder.invokeVirtual(java.lang.Object, java.lang.Object)'> (0x0000000714faeed0) 
thrown [s\src\hotspot\share\interpreter\linkResolver.cpp, line 771]
Event: 6.417 Thread 0x0000022179f389a0 Exception <a 'java/lang/NoSuchMethodError'{0x0000000714ffbdd8}: 'int java.lang.invoke.DirectMethodHandle$Holder.invokeVirtual(java.lang.Object, java.lang.Object)'> (0x0000000714ffbdd8) 
thrown [s\src\hotspot\share\interpreter\linkResolver.cpp, line 771]
Event: 6.468 Thread 0x0000022179f389a0 Exception <a 'java/lang/NoSuchMethodError'{0x0000000714c9ffa0}: 'java.lang.Object java.lang.invoke.Invokers$Holder.invokeExact_MT(java.lang.Object, java.lang.Object, java.lang.Object, java.lang.Object, java.lang.Object, java.lang.Object)'> (0x0000000714c9ffa0) 
thrown [s\src\hotspot\share\interpreter\linkResolver.cpp, line 771]
Event: 7.180 Thread 0x0000022179f389a0 Exception <a 'java/lang/NoSuchMethodError'{0x0000000715a2a758}: 'java.lang.Object java.lang.invoke.Invokers$Holder.invoke_MT(java.lang.Object, java.lang.Object, java.lang.Object)'> (0x0000000715a2a758) 
thrown [s\src\hotspot\share\interpreter\linkResolver.cpp, line 771]
Event: 11.729 Thread 0x0000022179f389a0 Exception <a 'java/lang/NoSuchMethodError'{0x000000070e4967c8}: 'java.lang.Object java.lang.invoke.DirectMethodHandle$Holder.invokeVirtual(java.lang.Object, java.lang.Object, java.lang.Object)'> (0x000000070e4967c8) 
thrown [s\src\hotspot\share\interpreter\linkResolver.cpp, line 771]
Event: 13.949 Thread 0x0000022179f389a0 Exception <a 'java/lang/NoSuchMethodError'{0x000000070bbb4dc0}: 'java.lang.Object java.lang.invoke.DirectMethodHandle$Holder.newInvokeSpecial(java.lang.Object, java.lang.Object, int)'> (0x000000070bbb4dc0) 
thrown [s\src\hotspot\share\interpreter\linkResolver.cpp, line 771]
Event: 14.334 Thread 0x0000022179f389a0 Implicit null exception at 0x0000022107cc3fcc to 0x0000022107cc40d4

VM Operations (20 events):
Event: 10.145 Executing VM operation: G1CollectForAllocation
Event: 10.158 Executing VM operation: G1CollectForAllocation done
Event: 10.193 Executing VM operation: G1Concurrent
Event: 10.197 Executing VM operation: G1Concurrent done
Event: 10.210 Executing VM operation: G1Concurrent
Event: 10.211 Executing VM operation: G1Concurrent done
Event: 10.321 Executing VM operation: G1CollectForAllocation
Event: 10.328 Executing VM operation: G1CollectForAllocation done
Event: 10.354 Executing VM operation: HandshakeAllThreads
Event: 10.355 Executing VM operation: HandshakeAllThreads done
Event: 10.777 Executing VM operation: G1CollectForAllocation
Event: 10.784 Executing VM operation: G1CollectForAllocation done
Event: 11.584 Executing VM operation: HandshakeAllThreads
Event: 11.584 Executing VM operation: HandshakeAllThreads done
Event: 12.591 Executing VM operation: Cleanup
Event: 12.592 Executing VM operation: Cleanup done
Event: 13.606 Executing VM operation: Cleanup
Event: 13.606 Executing VM operation: Cleanup done
Event: 13.956 Executing VM operation: HandshakeAllThreads
Event: 13.956 Executing VM operation: HandshakeAllThreads done

Events (20 events):
Event: 12.737 loading class java/util/function/IntFunction done
Event: 12.877 loading class java/lang/TypeNotPresentException
Event: 12.878 loading class java/lang/TypeNotPresentException done
Event: 12.978 loading class sun/reflect/generics/scope/MethodScope
Event: 12.978 loading class sun/reflect/generics/scope/MethodScope done
Event: 12.978 loading class sun/reflect/generics/repository/MethodRepository
Event: 12.978 loading class sun/reflect/generics/repository/MethodRepository done
Event: 13.290 Thread 0x0000022122ca6030 Thread exited: 0x0000022122ca6030
Event: 13.746 loading class java/util/EmptyStackException
Event: 13.746 loading class java/util/EmptyStackException done
Event: 13.763 loading class java/util/BitSet
Event: 13.764 loading class java/util/BitSet done
Event: 13.767 loading class java/util/PrimitiveIterator$OfInt
Event: 13.767 loading class java/util/PrimitiveIterator
Event: 13.767 loading class java/util/PrimitiveIterator done
Event: 13.768 loading class java/util/PrimitiveIterator$OfInt done
Event: 13.947 loading class java/util/function/IntUnaryOperator
Event: 13.948 loading class java/util/function/IntUnaryOperator done
Event: 14.022 Thread 0x00000221199c97b0 Thread added: 0x00000221199c97b0
Event: 14.089 Thread 0x000002211b93c100 Thread added: 0x000002211b93c100


Dynamic libraries:
0x00007ff7ad4e0000 - 0x00007ff7ad4ea000 	C:\Program Files\Android\Android Studio\jbr\bin\java.exe
0x00007ffae0c10000 - 0x00007ffae0e24000 	C:\WINDOWS\SYSTEM32\ntdll.dll
0x00007ffae0010000 - 0x00007ffae00d2000 	C:\WINDOWS\System32\KERNEL32.DLL
0x00007ffade270000 - 0x00007ffade613000 	C:\WINDOWS\System32\KERNELBASE.dll
0x00007ffade030000 - 0x00007ffade141000 	C:\WINDOWS\System32\ucrtbase.dll
0x00007ffabd740000 - 0x00007ffabd757000 	C:\Program Files\Android\Android Studio\jbr\bin\jli.dll
0x00007ffae0210000 - 0x00007ffae03bb000 	C:\WINDOWS\System32\USER32.dll
0x00007ffade8f0000 - 0x00007ffade916000 	C:\WINDOWS\System32\win32u.dll
0x00007ffadf980000 - 0x00007ffadf9a9000 	C:\WINDOWS\System32\GDI32.dll
0x00007ffade150000 - 0x00007ffade268000 	C:\WINDOWS\System32\gdi32full.dll
0x00007ffade790000 - 0x00007ffade82a000 	C:\WINDOWS\System32\msvcp_win.dll
0x00007ffabb290000 - 0x00007ffabb2ab000 	C:\Program Files\Android\Android Studio\jbr\bin\VCRUNTIME140.dll
0x00007ffac5380000 - 0x00007ffac560e000 	C:\WINDOWS\WinSxS\amd64_microsoft.windows.common-controls_6595b64144ccf1df_6.0.22621.1635_none_270f70857386168e\COMCTL32.dll
0x00007ffadeb10000 - 0x00007ffadebb7000 	C:\WINDOWS\System32\msvcrt.dll
0x00007ffadf630000 - 0x00007ffadf661000 	C:\WINDOWS\System32\IMM32.DLL
0x00007ffada730000 - 0x00007ffada73c000 	C:\Program Files\Android\Android Studio\jbr\bin\vcruntime140_1.dll
0x00007ffa82320000 - 0x00007ffa823ad000 	C:\Program Files\Android\Android Studio\jbr\bin\msvcp140.dll
0x00007ffa2d560000 - 0x00007ffa2e1cd000 	C:\Program Files\Android\Android Studio\jbr\bin\server\jvm.dll
0x00007ffadff60000 - 0x00007ffae000e000 	C:\WINDOWS\System32\ADVAPI32.dll
0x00007ffae00e0000 - 0x00007ffae0184000 	C:\WINDOWS\System32\sechost.dll
0x00007ffadfe40000 - 0x00007ffadff57000 	C:\WINDOWS\System32\RPCRT4.dll
0x00007ffabdf70000 - 0x00007ffabdf79000 	C:\WINDOWS\SYSTEM32\WSOCK32.dll
0x00007ffae0190000 - 0x00007ffae0201000 	C:\WINDOWS\System32\WS2_32.dll
0x00007ffad4590000 - 0x00007ffad45c4000 	C:\WINDOWS\SYSTEM32\WINMM.dll
0x00007ffadb7a0000 - 0x00007ffadb7aa000 	C:\WINDOWS\SYSTEM32\VERSION.dll
0x00007ffadd040000 - 0x00007ffadd058000 	C:\WINDOWS\SYSTEM32\kernel.appcore.dll
0x00007ffabd500000 - 0x00007ffabd50a000 	C:\Program Files\Android\Android Studio\jbr\bin\jimage.dll
0x00007ffadb3f0000 - 0x00007ffadb61e000 	C:\WINDOWS\SYSTEM32\DBGHELP.DLL
0x00007ffadfa90000 - 0x00007ffadfe19000 	C:\WINDOWS\System32\combase.dll
0x00007ffadf9b0000 - 0x00007ffadfa87000 	C:\WINDOWS\System32\OLEAUT32.dll
0x00007ffabec50000 - 0x00007ffabec82000 	C:\WINDOWS\SYSTEM32\dbgcore.DLL
0x00007ffade990000 - 0x00007ffadea0b000 	C:\WINDOWS\System32\bcryptPrimitives.dll
0x00007ffa9b540000 - 0x00007ffa9b565000 	C:\Program Files\Android\Android Studio\jbr\bin\java.dll
0x00007ffabd4e0000 - 0x00007ffabd4f8000 	C:\Program Files\Android\Android Studio\jbr\bin\zip.dll
0x00007ffadee30000 - 0x00007ffadf62a000 	C:\WINDOWS\System32\SHELL32.dll
0x00007ffadbfe0000 - 0x00007ffadc8ae000 	C:\WINDOWS\SYSTEM32\windows.storage.dll
0x00007ffadbea0000 - 0x00007ffadbfde000 	C:\WINDOWS\SYSTEM32\wintypes.dll
0x00007ffadea10000 - 0x00007ffadeb01000 	C:\WINDOWS\System32\SHCORE.dll
0x00007ffadec10000 - 0x00007ffadec6e000 	C:\WINDOWS\System32\shlwapi.dll
0x00007ffaddf60000 - 0x00007ffaddf81000 	C:\WINDOWS\SYSTEM32\profapi.dll
0x00007ffa99be0000 - 0x00007ffa99bf9000 	C:\Program Files\Android\Android Studio\jbr\bin\net.dll
0x00007ffad7970000 - 0x00007ffad7aa7000 	C:\WINDOWS\SYSTEM32\WINHTTP.dll
0x00007ffadd4a0000 - 0x00007ffadd509000 	C:\WINDOWS\system32\mswsock.dll
0x00007ffa99bc0000 - 0x00007ffa99bd6000 	C:\Program Files\Android\Android Studio\jbr\bin\nio.dll
0x00007ffa98d00000 - 0x00007ffa98d10000 	C:\Program Files\Android\Android Studio\jbr\bin\verify.dll

dbghelp: loaded successfully - version: 4.0.5 - missing functions: none
symbol engine: initialized successfully - sym options: 0x614 - pdb path: .;C:\Program Files\Android\Android Studio\jbr\bin;C:\WINDOWS\SYSTEM32;C:\WINDOWS\WinSxS\amd64_microsoft.windows.common-controls_6595b64144ccf1df_6.0.22621.1635_none_270f70857386168e;C:\Program Files\Android\Android Studio\jbr\bin\server

VM Arguments:
java_command: org.jetbrains.kotlin.cli.jvm.K2JVMCompiler @C:\Users\dell\Documents\projects\saudigitus\dhis2-android-capture-app-quick-notification\commons\build\20230515_5409777248428377240.compiler.options
java_class_path (initial): C:\Users\dell\.gradle\caches\modules-2\files-2.1\org.jetbrains.kotlin\kotlin-compiler-embeddable\1.8.20\78d9baa57f65babf9e0a93e51f62f26f5f35ac3e\kotlin-compiler-embeddable-1.8.20.jar;C:\Users\dell\.gradle\caches\modules-2\files-2.1\org.jetbrains.kotlin\kotlin-stdlib\1.8.20\e72fc5e03ec6c064c678a6bd0d955c88d55b0c4a\kotlin-stdlib-1.8.20.jar;C:\Users\dell\.gradle\caches\modules-2\files-2.1\org.jetbrains.kotlin\kotlin-script-runtime\1.8.20\c850771e723701f9d63dbcf641429c0f29290074\kotlin-script-runtime-1.8.20.jar;C:\Users\dell\.gradle\caches\modules-2\files-2.1\org.jetbrains.kotlin\kotlin-reflect\1.6.10\1cbe9c92c12a94eea200d23c2bbaedaf3daf5132\kotlin-reflect-1.6.10.jar;C:\Users\dell\.gradle\caches\modules-2\files-2.1\org.jetbrains.kotlin\kotlin-daemon-embeddable\1.8.20\c1b808fbe5fee60bd0504a54778120ef40f383d4\kotlin-daemon-embeddable-1.8.20.jar;C:\Users\dell\.gradle\caches\modules-2\files-2.1\org.jetbrains.intellij.deps\trove4j\1.0.20200330\3afb14d5f9ceb459d724e907a21145e8ff394f02\trove4j-1.0.20200330.jar;C:\Users\dell\.gradle\caches\modules-2\files-2.1\net.java.dev.jna\jna\5.6.0\330f2244e9030119ab3030fc3fededc86713d9cc\jna-5.6.0.jar;C:\Users\dell\.gradle\caches\modules-2\files-2.1\org.jetbrains.kotlin\kotlin-stdlib-common\1.8.20\5eddaaf234c8c49d03eebeb6a14feb7f90faca71\kotlin-stdlib-common-1.8.20.jar;C:\Users\dell\.gradle\caches\modules-2\files-2.1\org.jetbrains\annotations\13.0\919f0dfe192fb4e063e7dacadee7f8bb9a2672a9\annotations-13.0.jar
Launcher Type: SUN_STANDARD

[Global flags]
     intx CICompilerCount                          = 4                                         {product} {ergonomic}
     uint ConcGCThreads                            = 2                                         {product} {ergonomic}
     uint G1ConcRefinementThreads                  = 8                                         {product} {ergonomic}
   size_t G1HeapRegionSize                         = 2097152                                   {product} {ergonomic}
    uintx GCDrainStackTargetSize                   = 64                                        {product} {ergonomic}
   size_t InitialHeapSize                          = 262144000                                 {product} {ergonomic}
   size_t MarkStackSize                            = 4194304                                   {product} {ergonomic}
   size_t MaxHeapSize                              = 4192206848                                {product} {ergonomic}
   size_t MaxNewSize                               = 2514485248                                {product} {ergonomic}
   size_t MinHeapDeltaBytes                        = 2097152                                   {product} {ergonomic}
   size_t MinHeapSize                              = 8388608                                   {product} {ergonomic}
    uintx NonNMethodCodeHeapSize                   = 5839372                                {pd product} {ergonomic}
    uintx NonProfiledCodeHeapSize                  = 122909434                              {pd product} {ergonomic}
    uintx ProfiledCodeHeapSize                     = 122909434                              {pd product} {ergonomic}
    uintx ReservedCodeCacheSize                    = 251658240                              {pd product} {ergonomic}
     bool SegmentedCodeCache                       = true                                      {product} {ergonomic}
   size_t SoftMaxHeapSize                          = 4192206848                             {manageable} {ergonomic}
     bool UseCompressedClassPointers               = true                           {product lp64_product} {ergonomic}
     bool UseCompressedOops                        = true                           {product lp64_product} {ergonomic}
     bool UseG1GC                                  = true                                      {product} {ergonomic}
     bool UseLargePagesIndividualAllocation        = false                                  {pd product} {ergonomic}

Logging:
Log output configuration:
 #0: stdout all=warning uptime,level,tags
 #1: stderr all=off uptime,level,tags

Environment Variables:
JAVA_HOME=C:\Program Files\BellSoft\LibericaJDK-17-Full\
PATH=C:\Program Files\BellSoft\LibericaJDK-17-Full\bin\;C:\Program Files\Common Files\Oracle\Java\javapath;C:\WINDOWS\system32;C:\WINDOWS;C:\WINDOWS\System32\Wbem;C:\WINDOWS\System32\WindowsPowerShell\v1.0\;C:\WINDOWS\System32\OpenSSH\;C:\Program Files\dotnet\;C:\Program Files\Java\jdk-11.0.15\bin;C:\Program Files\Git\cmd;C:\Program Files\nodejs\;C:\xampp\php;C:\ProgramData\ComposerSetup\bin;C:\flutter\bin;C:\msys64\mingw64\bin;C:\Program Files\Docker\Docker\resources\bin;C:\Program Files\PowerShell\7\;C:\Users\dell\AppData\Local\Programs\Python\Python310\Scripts\;C:\Users\dell\AppData\Local\Programs\Python\Python310\;C:\Users\dell\AppData\Local\Microsoft\WindowsApps;C:\Users\dell\AppData\Local\Programs\Microsoft VS Code\bin;C:\Program Files\Java\jdk-11.0.15\bin;C:\Users\dell\AppData\Roaming\npm;C:\Program Files\JetBrains\IntelliJ IDEA Community Edition 2022.1.2\bin;;C:\Program Files\JetBrains\PyCharm Community Edition 2022.1.3\bin;;C:\xampp\php;C:\Users\dell\AppData\Roaming\Composer\vendor\bin;C:\Users\dell\AppData\Local\GitHubDesktop\bin;C:\Users\dell\AppData\Local\Programs\oh-my-posh\bin;C:\flutter\bin;C:\msys64\mingw64\bin;
USERNAME=dell
OS=Windows_NT
PROCESSOR_IDENTIFIER=Intel64 Family 6 Model 142 Stepping 12, GenuineIntel
TMP=C:\Users\dell\AppData\Local\Temp
TEMP=C:\Users\dell\AppData\Local\Temp



---------------  S Y S T E M  ---------------

OS:
 Windows 11 , 64 bit Build 22621 (10.0.22621.1635)
OS uptime: 0 days 0:14 hours
Hyper-V role detected

CPU: total 8 (initial active 8) (4 cores per cpu, 2 threads per core) family 6 model 142 stepping 12 microcode 0xf4, cx8, cmov, fxsr, ht, mmx, 3dnowpref, sse, sse2, sse3, ssse3, sse4.1, sse4.2, popcnt, lzcnt, tsc, tscinvbit, avx, avx2, aes, erms, clmul, bmi1, bmi2, adx, fma, vzeroupper, clflush, clflushopt, hv

Memory: 4k page, system-wide physical 15984M (776M free)
TotalPageFile size 21999M (AvailPageFile size 5M)
current process WorkingSet (physical memory assigned to process): 251M, peak: 251M
current process commit charge ("private bytes"): 341M, peak: 366M

vm_info: OpenJDK 64-Bit Server VM (17.0.6+0-b2043.56-9586694) for windows-amd64 JRE (17.0.6+0-b2043.56-9586694), built on Feb  9 2023 20:06:20 by "androidbuild" with MS VC++ 16.10 / 16.11 (VS2019)

END.
