#
# There is insufficient memory for the Java Runtime Environment to continue.
# Native memory allocation (mmap) failed to map 406847488 bytes for G1 virtual space
# Possible reasons:
#   The system is out of physical RAM or swap space
#   The process is running with CompressedOops enabled, and the Java Heap may be blocking the growth of the native heap
# Possible solutions:
#   Reduce memory load on the system
#   Increase physical memory or swap space
#   Check if swap backing store is full
#   Decrease Java heap size (-Xmx/-Xms)
#   Decrease number of Java threads
#   Decrease Java thread stack sizes (-Xss)
#   Set larger code cache with -XX:ReservedCodeCacheSize=
#   JVM is running with Zero Based Compressed Oops mode in which the Java heap is
#     placed in the first 32GB address space. The Java Heap base address is the
#     maximum limit for the native heap growth. Please use -XX:HeapBaseMinAddress
#     to set the Java Heap base and to place the Java Heap above 32GB virtual address.
# This output file may be truncated or incomplete.
#
#  Out of Memory Error (os_windows.cpp:3769), pid=14492, tid=22244
#
# JRE version: OpenJDK Runtime Environment (17.0.6) (build 17.0.6+0-b2043.56-9586694)
# Java VM: OpenJDK 64-Bit Server VM (17.0.6+0-b2043.56-9586694, mixed mode, tiered, compressed oops, compressed class ptrs, g1 gc, windows-amd64)
# No core dump will be written. Minidumps are not enabled by default on client versions of Windows
#

---------------  S U M M A R Y ------------

Command Line: -XX:MaxPermSize=512m -XX:+HeapDumpOnOutOfMemoryError --add-opens=java.base/java.util=ALL-UNNAMED --add-opens=java.base/java.lang=ALL-UNNAMED --add-opens=java.base/java.lang.invoke=ALL-UNNAMED --add-opens=java.base/java.util=ALL-UNNAMED --add-opens=java.prefs/java.util.prefs=ALL-UNNAMED --add-opens=java.prefs/java.util.prefs=ALL-UNNAMED --add-opens=java.base/java.nio.charset=ALL-UNNAMED --add-opens=java.base/java.net=ALL-UNNAMED --add-opens=java.base/java.util.concurrent.atomic=ALL-UNNAMED -Xmx3096m -Dfile.encoding=UTF-8 -Duser.country=US -Duser.language=en -Duser.variant org.gradle.launcher.daemon.bootstrap.GradleDaemon 7.5

Host: Intel(R) Core(TM) i5-10310U CPU @ 1.70GHz, 8 cores, 15G,  Windows 11 , 64 bit Build 22621 (10.0.22621.1635)
Time: Mon May 15 15:00:27 2023 South Africa Standard Time elapsed time: 21.986543 seconds (0d 0h 0m 21s)

---------------  T H R E A D  ---------------

Current thread (0x0000025ca33adc10):  VMThread "VM Thread" [stack: 0x0000006034800000,0x0000006034900000] [id=22244]

Stack: [0x0000006034800000,0x0000006034900000]
Native frames: (J=compiled Java code, j=interpreted, Vv=VM code, C=native code)
V  [jvm.dll+0x683b4a]
V  [jvm.dll+0x842654]
V  [jvm.dll+0x843dfe]
V  [jvm.dll+0x844463]
V  [jvm.dll+0x249b75]
V  [jvm.dll+0x680a19]
V  [jvm.dll+0x674f0a]
V  [jvm.dll+0x309acb]
V  [jvm.dll+0x310f86]
V  [jvm.dll+0x3608ee]
V  [jvm.dll+0x360b1f]
V  [jvm.dll+0x2dfbf8]
V  [jvm.dll+0x2ddec4]
V  [jvm.dll+0x2dd4cc]
V  [jvm.dll+0x321f3b]
V  [jvm.dll+0x84893b]
V  [jvm.dll+0x849674]
V  [jvm.dll+0x849b8d]
V  [jvm.dll+0x849f64]
V  [jvm.dll+0x84a030]
V  [jvm.dll+0x7f25fa]
V  [jvm.dll+0x682985]
C  [ucrtbase.dll+0x29363]
C  [KERNEL32.DLL+0x126ad]
C  [ntdll.dll+0x5a9f8]

VM_Operation (0x000000603dcfb780): G1CollectForAllocation, mode: safepoint, requested by thread 0x0000025ca86d9240


---------------  P R O C E S S  ---------------

Threads class SMR info:
_java_thread_list=0x0000025cabb595b0, length=141, elements={
0x0000025c8500e770, 0x0000025ca40763b0, 0x0000025ca4072570, 0x0000025ca409d500,
0x0000025ca409dec0, 0x0000025ca409e870, 0x0000025ca40a0230, 0x0000025ca40a0fc0,
0x0000025ca40adb10, 0x0000025ca40ae500, 0x0000025ca4221bf0, 0x0000025ca42220c0,
0x0000025ca579b040, 0x0000025ca66f6e90, 0x0000025ca6831ae0, 0x0000025ca53a6d50,
0x0000025ca70e2830, 0x0000025ca532a2d0, 0x0000025ca5373700, 0x0000025ca7aabf20,
0x0000025ca7aac8c0, 0x0000025ca7aacd90, 0x0000025ca7aac3f0, 0x0000025ca7aad260,
0x0000025ca7aaba50, 0x0000025ca7c77210, 0x0000025ca7c75a00, 0x0000025ca7c78550,
0x0000025ca7c793c0, 0x0000025ca7c78a20, 0x0000025ca7c76870, 0x0000025ca7c79d60,
0x0000025ca7c7c3e0, 0x0000025ca7c7b570, 0x0000025ca7c75ed0, 0x0000025ca7c79890,
0x0000025ca7c75060, 0x0000025ca7c776e0, 0x0000025ca7c75530, 0x0000025ca7c7ba40,
0x0000025ca7c7bf10, 0x0000025ca7c763a0, 0x0000025ca7c78080, 0x0000025ca7c7a230,
0x0000025ca732bbd0, 0x0000025ca7330da0, 0x0000025ca732f590, 0x0000025ca732a3c0,
0x0000025ca732d8b0, 0x0000025ca7331270, 0x0000025ca732cf10, 0x0000025ca732f0c0,
0x0000025ca732fa60, 0x0000025ca7331740, 0x0000025ca7331c10, 0x0000025ca732c570,
0x0000025ca732c0a0, 0x0000025ca732ebf0, 0x0000025ca73308d0, 0x0000025ca732ff30,
0x0000025ca7330400, 0x0000025ca732a890, 0x0000025ca732ad60, 0x0000025ca732b230,
0x0000025ca732d3e0, 0x0000025ca732b700, 0x0000025ca732dd80, 0x0000025ca732e250,
0x0000025ca732e720, 0x0000025ca9e54a10, 0x0000025ca9e56220, 0x0000025ca9e56bc0,
0x0000025ca9e588a0, 0x0000025ca9e58d70, 0x0000025ca9e57090, 0x0000025ca9e5b8c0,
0x0000025ca9e54ee0, 0x0000025ca9e59240, 0x0000025ca9e566f0, 0x0000025ca9e5a580,
0x0000025ca9e5bd90, 0x0000025ca9e57560, 0x0000025ca9e59710, 0x0000025ca9e5af20,
0x0000025ca9e59be0, 0x0000025ca9e54540, 0x0000025ca9e5a0b0, 0x0000025ca9e57f00,
0x0000025ca9e553b0, 0x0000025ca9e5aa50, 0x0000025ca9e55880, 0x0000025ca9e5b3f0,
0x0000025ca9e55d50, 0x0000025ca9e57a30, 0x0000025ca9e583d0, 0x0000025ca829ce00,
0x0000025ca829c930, 0x0000025ca82985d0, 0x0000025ca8298f70, 0x0000025ca8298100,
0x0000025ca829bf90, 0x0000025ca829eae0, 0x0000025ca829d2d0, 0x0000025ca829f480,
0x0000025ca829d7a0, 0x0000025ca829ac50, 0x0000025ca829dc70, 0x0000025ca8299440,
0x0000025ca829efb0, 0x0000025ca829e140, 0x0000025ca829e610, 0x0000025ca829f950,
0x0000025ca8298aa0, 0x0000025ca829c460, 0x0000025ca8299910, 0x0000025ca8299de0,
0x0000025ca829a2b0, 0x0000025ca829a780, 0x0000025ca829b120, 0x0000025ca829b5f0,
0x0000025ca829bac0, 0x0000025ca86daa50, 0x0000025ca86d9710, 0x0000025ca86d4070,
0x0000025ca86d4ee0, 0x0000025ca86d53b0, 0x0000025ca86d7090, 0x0000025ca86d4540,
0x0000025ca99f7290, 0x0000025ca99f90f0, 0x0000025ca86da0b0, 0x0000025ca86d9be0,
0x0000025ca86d7560, 0x0000025ca86d7a30, 0x0000025ca86d7f00, 0x0000025ca86d83d0,
0x0000025ca86da580, 0x0000025ca86d9240, 0x0000025ca86db8c0, 0x0000025cae1c0530,
0x0000025cae1c3550
}

Java Threads: ( => current thread )
  0x0000025c8500e770 JavaThread "main" [_thread_blocked, id=4836, stack(0x0000006034200000,0x0000006034300000)]
  0x0000025ca40763b0 JavaThread "Reference Handler" daemon [_thread_blocked, id=22416, stack(0x0000006034900000,0x0000006034a00000)]
  0x0000025ca4072570 JavaThread "Finalizer" daemon [_thread_blocked, id=2608, stack(0x0000006034a00000,0x0000006034b00000)]
  0x0000025ca409d500 JavaThread "Signal Dispatcher" daemon [_thread_blocked, id=200, stack(0x0000006034b00000,0x0000006034c00000)]
  0x0000025ca409dec0 JavaThread "Attach Listener" daemon [_thread_blocked, id=3256, stack(0x0000006034c00000,0x0000006034d00000)]
  0x0000025ca409e870 JavaThread "Service Thread" daemon [_thread_blocked, id=20196, stack(0x0000006034d00000,0x0000006034e00000)]
  0x0000025ca40a0230 JavaThread "Monitor Deflation Thread" daemon [_thread_blocked, id=21404, stack(0x0000006034e00000,0x0000006034f00000)]
  0x0000025ca40a0fc0 JavaThread "C2 CompilerThread0" daemon [_thread_blocked, id=7180, stack(0x0000006034f00000,0x0000006035000000)]
  0x0000025ca40adb10 JavaThread "C1 CompilerThread0" daemon [_thread_blocked, id=11312, stack(0x0000006035000000,0x0000006035100000)]
  0x0000025ca40ae500 JavaThread "Sweeper thread" daemon [_thread_blocked, id=10260, stack(0x0000006035100000,0x0000006035200000)]
  0x0000025ca4221bf0 JavaThread "Common-Cleaner" daemon [_thread_blocked, id=328, stack(0x0000006035200000,0x0000006035300000)]
  0x0000025ca42220c0 JavaThread "Notification Thread" daemon [_thread_blocked, id=11888, stack(0x0000006035300000,0x0000006035400000)]
  0x0000025ca579b040 JavaThread "Daemon health stats" [_thread_blocked, id=4156, stack(0x0000006035c00000,0x0000006035d00000)]
  0x0000025ca66f6e90 JavaThread "Incoming local TCP Connector on port 63043" [_thread_in_native, id=15064, stack(0x0000006035b00000,0x0000006035c00000)]
  0x0000025ca6831ae0 JavaThread "Daemon periodic checks" [_thread_blocked, id=23288, stack(0x0000006035d00000,0x0000006035e00000)]
  0x0000025ca53a6d50 JavaThread "Daemon" [_thread_blocked, id=4940, stack(0x0000006035e00000,0x0000006035f00000)]
  0x0000025ca70e2830 JavaThread "Handler for socket connection from /127.0.0.1:63043 to /127.0.0.1:63044" [_thread_in_native, id=16468, stack(0x0000006035f00000,0x0000006036000000)]
  0x0000025ca532a2d0 JavaThread "Cancel handler" [_thread_blocked, id=22476, stack(0x0000006036000000,0x0000006036100000)]
  0x0000025ca5373700 JavaThread "Daemon worker" [_thread_blocked, id=13696, stack(0x0000006036100000,0x0000006036200000)]
  0x0000025ca7aabf20 JavaThread "Asynchronous log dispatcher for DefaultDaemonConnection: socket connection from /127.0.0.1:63043 to /127.0.0.1:63044" [_thread_blocked, id=14616, stack(0x0000006036200000,0x0000006036300000)]
  0x0000025ca7aac8c0 JavaThread "Stdin handler" [_thread_blocked, id=21340, stack(0x0000006036300000,0x0000006036400000)]
  0x0000025ca7aacd90 JavaThread "Daemon client event forwarder" [_thread_blocked, id=15332, stack(0x0000006035500000,0x0000006035600000)]
  0x0000025ca7aac3f0 JavaThread "Cache worker for journal cache (C:\Users\dell\.gradle\caches\journal-1)" [_thread_blocked, id=10344, stack(0x0000006036400000,0x0000006036500000)]
  0x0000025ca7aad260 JavaThread "File lock request listener" [_thread_in_native, id=9204, stack(0x0000006036500000,0x0000006036600000)]
  0x0000025ca7aaba50 JavaThread "Cache worker for file hash cache (C:\Users\dell\.gradle\caches\7.5\fileHashes)" [_thread_blocked, id=11976, stack(0x0000006036900000,0x0000006036a00000)]
  0x0000025ca7c77210 JavaThread "File watcher server" daemon [_thread_blocked, id=8432, stack(0x0000006036c00000,0x0000006036d00000)]
  0x0000025ca7c75a00 JavaThread "File watcher consumer" daemon [_thread_blocked, id=20784, stack(0x0000006036d00000,0x0000006036e00000)]
  0x0000025ca7c78550 JavaThread "Cache worker for checksums cache (C:\Users\dell\Documents\projects\saudigitus\dhis2-android-capture-app-quick-notification\.gradle\7.5\checksums)" [_thread_blocked, id=18012, stack(0x0000006036e00000,0x0000006036f00000)]
  0x0000025ca7c793c0 JavaThread "Cache worker for cache directory md-rule (C:\Users\dell\.gradle\caches\7.5\md-rule)" [_thread_blocked, id=23252, stack(0x0000006036f00000,0x0000006037000000)]
  0x0000025ca7c78a20 JavaThread "Cache worker for file content cache (C:\Users\dell\.gradle\caches\7.5\fileContent)" [_thread_blocked, id=8464, stack(0x0000006037000000,0x0000006037100000)]
  0x0000025ca7c76870 JavaThread "Cache worker for file hash cache (C:\Users\dell\Documents\projects\saudigitus\dhis2-android-capture-app-quick-notification\.gradle\7.5\fileHashes)" [_thread_blocked, id=11636, stack(0x0000006037100000,0x0000006037200000)]
  0x0000025ca7c79d60 JavaThread "Cache worker for cache directory md-supplier (C:\Users\dell\.gradle\caches\7.5\md-supplier)" [_thread_blocked, id=23464, stack(0x0000006037200000,0x0000006037300000)]
  0x0000025ca7c7c3e0 JavaThread "Cache worker for execution history cache (C:\Users\dell\.gradle\caches\7.5\executionHistory)" [_thread_blocked, id=8640, stack(0x0000006037300000,0x0000006037400000)]
  0x0000025ca7c7b570 JavaThread "jar transforms" [_thread_blocked, id=12244, stack(0x0000006037400000,0x0000006037500000)]
  0x0000025ca7c75ed0 JavaThread "jar transforms Thread 2" [_thread_blocked, id=1880, stack(0x0000006037500000,0x0000006037600000)]
  0x0000025ca7c79890 JavaThread "jar transforms Thread 3" [_thread_blocked, id=23496, stack(0x0000006037600000,0x0000006037700000)]
  0x0000025ca7c75060 JavaThread "jar transforms Thread 4" [_thread_blocked, id=10140, stack(0x0000006037700000,0x0000006037800000)]
  0x0000025ca7c776e0 JavaThread "Cache worker for dependencies-accessors (C:\Users\dell\Documents\projects\saudigitus\dhis2-android-capture-app-quick-notification\.gradle\7.5\dependencies-accessors)" [_thread_blocked, id=10676, stack(0x0000006037800000,0x0000006037900000)]
  0x0000025ca7c75530 JavaThread "jar transforms Thread 5" [_thread_blocked, id=9188, stack(0x0000006037900000,0x0000006037a00000)]
  0x0000025ca7c7ba40 JavaThread "jar transforms Thread 6" [_thread_blocked, id=21588, stack(0x0000006037a00000,0x0000006037b00000)]
  0x0000025ca7c7bf10 JavaThread "jar transforms Thread 7" [_thread_blocked, id=22692, stack(0x0000006037b00000,0x0000006037c00000)]
  0x0000025ca7c763a0 JavaThread "Cache worker for Build Output Cleanup Cache (C:\Users\dell\Documents\projects\saudigitus\dhis2-android-capture-app-quick-notification\.gradle\buildOutputCleanup)" [_thread_blocked, id=21172, stack(0x0000006037c00000,0x0000006037d00000)]
  0x0000025ca7c78080 JavaThread "Unconstrained build operations" [_thread_blocked, id=22724, stack(0x0000006037d00000,0x0000006037e00000)]
  0x0000025ca7c7a230 JavaThread "Unconstrained build operations Thread 2" [_thread_blocked, id=21552, stack(0x0000006037e00000,0x0000006037f00000)]
  0x0000025ca732bbd0 JavaThread "Unconstrained build operations Thread 3" [_thread_blocked, id=20752, stack(0x0000006037f00000,0x0000006038000000)]
  0x0000025ca7330da0 JavaThread "Unconstrained build operations Thread 4" [_thread_blocked, id=7032, stack(0x0000006038000000,0x0000006038100000)]
  0x0000025ca732f590 JavaThread "Unconstrained build operations Thread 5" [_thread_blocked, id=22968, stack(0x0000006038100000,0x0000006038200000)]
  0x0000025ca732a3c0 JavaThread "Unconstrained build operations Thread 6" [_thread_blocked, id=8752, stack(0x0000006038200000,0x0000006038300000)]
  0x0000025ca732d8b0 JavaThread "Unconstrained build operations Thread 7" [_thread_blocked, id=8024, stack(0x0000006038300000,0x0000006038400000)]
  0x0000025ca7331270 JavaThread "Unconstrained build operations Thread 8" [_thread_blocked, id=20576, stack(0x0000006038400000,0x0000006038500000)]
  0x0000025ca732cf10 JavaThread "Unconstrained build operations Thread 9" [_thread_blocked, id=22748, stack(0x0000006038500000,0x0000006038600000)]
  0x0000025ca732f0c0 JavaThread "Unconstrained build operations Thread 10" [_thread_blocked, id=18520, stack(0x0000006038600000,0x0000006038700000)]
  0x0000025ca732fa60 JavaThread "Unconstrained build operations Thread 11" [_thread_blocked, id=22316, stack(0x0000006038700000,0x0000006038800000)]
  0x0000025ca7331740 JavaThread "Unconstrained build operations Thread 12" [_thread_blocked, id=3052, stack(0x0000006038800000,0x0000006038900000)]
  0x0000025ca7331c10 JavaThread "Unconstrained build operations Thread 13" [_thread_blocked, id=23208, stack(0x0000006038900000,0x0000006038a00000)]
  0x0000025ca732c570 JavaThread "Unconstrained build operations Thread 14" [_thread_blocked, id=5476, stack(0x0000006038a00000,0x0000006038b00000)]
  0x0000025ca732c0a0 JavaThread "Unconstrained build operations Thread 15" [_thread_blocked, id=7428, stack(0x0000006038b00000,0x0000006038c00000)]
  0x0000025ca732ebf0 JavaThread "Unconstrained build operations Thread 16" [_thread_blocked, id=1224, stack(0x0000006038c00000,0x0000006038d00000)]
  0x0000025ca73308d0 JavaThread "Unconstrained build operations Thread 17" [_thread_blocked, id=3784, stack(0x0000006038d00000,0x0000006038e00000)]
  0x0000025ca732ff30 JavaThread "Unconstrained build operations Thread 18" [_thread_blocked, id=7344, stack(0x0000006038e00000,0x0000006038f00000)]
  0x0000025ca7330400 JavaThread "Unconstrained build operations Thread 19" [_thread_blocked, id=4916, stack(0x0000006038f00000,0x0000006039000000)]
  0x0000025ca732a890 JavaThread "Unconstrained build operations Thread 20" [_thread_blocked, id=1412, stack(0x0000006039000000,0x0000006039100000)]
  0x0000025ca732ad60 JavaThread "Unconstrained build operations Thread 21" [_thread_blocked, id=7124, stack(0x0000006039100000,0x0000006039200000)]
  0x0000025ca732b230 JavaThread "Unconstrained build operations Thread 22" [_thread_blocked, id=22924, stack(0x0000006039200000,0x0000006039300000)]
  0x0000025ca732d3e0 JavaThread "Unconstrained build operations Thread 23" [_thread_blocked, id=8856, stack(0x0000006039300000,0x0000006039400000)]
  0x0000025ca732b700 JavaThread "Unconstrained build operations Thread 24" [_thread_blocked, id=1200, stack(0x0000006039400000,0x0000006039500000)]
  0x0000025ca732dd80 JavaThread "Unconstrained build operations Thread 25" [_thread_blocked, id=5508, stack(0x0000006039500000,0x0000006039600000)]
  0x0000025ca732e250 JavaThread "Unconstrained build operations Thread 26" [_thread_blocked, id=23508, stack(0x0000006039600000,0x0000006039700000)]
  0x0000025ca732e720 JavaThread "Unconstrained build operations Thread 27" [_thread_blocked, id=9480, stack(0x0000006039700000,0x0000006039800000)]
  0x0000025ca9e54a10 JavaThread "Unconstrained build operations Thread 28" [_thread_blocked, id=21304, stack(0x0000006039800000,0x0000006039900000)]
  0x0000025ca9e56220 JavaThread "Unconstrained build operations Thread 29" [_thread_blocked, id=4028, stack(0x0000006039900000,0x0000006039a00000)]
  0x0000025ca9e56bc0 JavaThread "Unconstrained build operations Thread 30" [_thread_blocked, id=3516, stack(0x0000006039a00000,0x0000006039b00000)]
  0x0000025ca9e588a0 JavaThread "Unconstrained build operations Thread 31" [_thread_blocked, id=21688, stack(0x0000006039b00000,0x0000006039c00000)]
  0x0000025ca9e58d70 JavaThread "Unconstrained build operations Thread 32" [_thread_blocked, id=2340, stack(0x0000006039c00000,0x0000006039d00000)]
  0x0000025ca9e57090 JavaThread "Unconstrained build operations Thread 33" [_thread_blocked, id=19020, stack(0x0000006039d00000,0x0000006039e00000)]
  0x0000025ca9e5b8c0 JavaThread "Unconstrained build operations Thread 34" [_thread_blocked, id=8312, stack(0x0000006039e00000,0x0000006039f00000)]
  0x0000025ca9e54ee0 JavaThread "Unconstrained build operations Thread 35" [_thread_blocked, id=17940, stack(0x0000006039f00000,0x000000603a000000)]
  0x0000025ca9e59240 JavaThread "Unconstrained build operations Thread 36" [_thread_blocked, id=20580, stack(0x000000603a000000,0x000000603a100000)]
  0x0000025ca9e566f0 JavaThread "Unconstrained build operations Thread 37" [_thread_blocked, id=22904, stack(0x000000603a100000,0x000000603a200000)]
  0x0000025ca9e5a580 JavaThread "Unconstrained build operations Thread 38" [_thread_blocked, id=12220, stack(0x000000603a200000,0x000000603a300000)]
  0x0000025ca9e5bd90 JavaThread "Unconstrained build operations Thread 39" [_thread_blocked, id=17736, stack(0x000000603a300000,0x000000603a400000)]
  0x0000025ca9e57560 JavaThread "Unconstrained build operations Thread 40" [_thread_blocked, id=12180, stack(0x000000603a400000,0x000000603a500000)]
  0x0000025ca9e59710 JavaThread "Unconstrained build operations Thread 41" [_thread_blocked, id=21584, stack(0x000000603a500000,0x000000603a600000)]
  0x0000025ca9e5af20 JavaThread "Unconstrained build operations Thread 42" [_thread_blocked, id=12128, stack(0x000000603a600000,0x000000603a700000)]
  0x0000025ca9e59be0 JavaThread "Unconstrained build operations Thread 43" [_thread_blocked, id=20968, stack(0x000000603a700000,0x000000603a800000)]
  0x0000025ca9e54540 JavaThread "Unconstrained build operations Thread 44" [_thread_blocked, id=4780, stack(0x000000603a800000,0x000000603a900000)]
  0x0000025ca9e5a0b0 JavaThread "Unconstrained build operations Thread 45" [_thread_blocked, id=19032, stack(0x000000603a900000,0x000000603aa00000)]
  0x0000025ca9e57f00 JavaThread "Unconstrained build operations Thread 46" [_thread_blocked, id=18104, stack(0x000000603aa00000,0x000000603ab00000)]
  0x0000025ca9e553b0 JavaThread "Unconstrained build operations Thread 47" [_thread_blocked, id=10820, stack(0x000000603ab00000,0x000000603ac00000)]
  0x0000025ca9e5aa50 JavaThread "Unconstrained build operations Thread 48" [_thread_blocked, id=17908, stack(0x000000603ac00000,0x000000603ad00000)]
  0x0000025ca9e55880 JavaThread "Unconstrained build operations Thread 49" [_thread_blocked, id=12144, stack(0x000000603ad00000,0x000000603ae00000)]
  0x0000025ca9e5b3f0 JavaThread "Unconstrained build operations Thread 50" [_thread_blocked, id=15620, stack(0x000000603ae00000,0x000000603af00000)]
  0x0000025ca9e55d50 JavaThread "Unconstrained build operations Thread 51" [_thread_blocked, id=23504, stack(0x000000603af00000,0x000000603b000000)]
  0x0000025ca9e57a30 JavaThread "Unconstrained build operations Thread 52" [_thread_blocked, id=21792, stack(0x000000603b000000,0x000000603b100000)]
  0x0000025ca9e583d0 JavaThread "Unconstrained build operations Thread 53" [_thread_blocked, id=9992, stack(0x000000603b100000,0x000000603b200000)]
  0x0000025ca829ce00 JavaThread "Unconstrained build operations Thread 54" [_thread_blocked, id=8252, stack(0x000000603b200000,0x000000603b300000)]
  0x0000025ca829c930 JavaThread "Unconstrained build operations Thread 55" [_thread_blocked, id=11868, stack(0x000000603b300000,0x000000603b400000)]
  0x0000025ca82985d0 JavaThread "Unconstrained build operations Thread 56" [_thread_blocked, id=7628, stack(0x000000603b400000,0x000000603b500000)]
  0x0000025ca8298f70 JavaThread "Unconstrained build operations Thread 57" [_thread_blocked, id=22668, stack(0x000000603b500000,0x000000603b600000)]
  0x0000025ca8298100 JavaThread "Unconstrained build operations Thread 58" [_thread_blocked, id=23276, stack(0x000000603b600000,0x000000603b700000)]
  0x0000025ca829bf90 JavaThread "Unconstrained build operations Thread 59" [_thread_blocked, id=4432, stack(0x000000603b700000,0x000000603b800000)]
  0x0000025ca829eae0 JavaThread "Unconstrained build operations Thread 60" [_thread_blocked, id=4740, stack(0x000000603b800000,0x000000603b900000)]
  0x0000025ca829d2d0 JavaThread "Unconstrained build operations Thread 61" [_thread_blocked, id=8336, stack(0x000000603b900000,0x000000603ba00000)]
  0x0000025ca829f480 JavaThread "Unconstrained build operations Thread 62" [_thread_blocked, id=14360, stack(0x000000603ba00000,0x000000603bb00000)]
  0x0000025ca829d7a0 JavaThread "Unconstrained build operations Thread 63" [_thread_blocked, id=9184, stack(0x000000603bb00000,0x000000603bc00000)]
  0x0000025ca829ac50 JavaThread "Unconstrained build operations Thread 64" [_thread_blocked, id=19848, stack(0x000000603bc00000,0x000000603bd00000)]
  0x0000025ca829dc70 JavaThread "Unconstrained build operations Thread 65" [_thread_blocked, id=8540, stack(0x000000603bd00000,0x000000603be00000)]
  0x0000025ca8299440 JavaThread "Unconstrained build operations Thread 66" [_thread_blocked, id=19852, stack(0x000000603be00000,0x000000603bf00000)]
  0x0000025ca829efb0 JavaThread "Unconstrained build operations Thread 67" [_thread_blocked, id=5492, stack(0x000000603bf00000,0x000000603c000000)]
  0x0000025ca829e140 JavaThread "Unconstrained build operations Thread 68" [_thread_blocked, id=2712, stack(0x000000603c000000,0x000000603c100000)]
  0x0000025ca829e610 JavaThread "Unconstrained build operations Thread 69" [_thread_blocked, id=4752, stack(0x000000603c100000,0x000000603c200000)]
  0x0000025ca829f950 JavaThread "Unconstrained build operations Thread 70" [_thread_blocked, id=21960, stack(0x000000603c200000,0x000000603c300000)]
  0x0000025ca8298aa0 JavaThread "Unconstrained build operations Thread 71" [_thread_blocked, id=21720, stack(0x000000603c300000,0x000000603c400000)]
  0x0000025ca829c460 JavaThread "Unconstrained build operations Thread 72" [_thread_blocked, id=22700, stack(0x000000603c400000,0x000000603c500000)]
  0x0000025ca8299910 JavaThread "Unconstrained build operations Thread 73" [_thread_blocked, id=19216, stack(0x000000603c500000,0x000000603c600000)]
  0x0000025ca8299de0 JavaThread "Unconstrained build operations Thread 74" [_thread_blocked, id=22068, stack(0x000000603c600000,0x000000603c700000)]
  0x0000025ca829a2b0 JavaThread "Unconstrained build operations Thread 75" [_thread_blocked, id=3468, stack(0x000000603c700000,0x000000603c800000)]
  0x0000025ca829a780 JavaThread "Unconstrained build operations Thread 76" [_thread_blocked, id=12672, stack(0x000000603c800000,0x000000603c900000)]
  0x0000025ca829b120 JavaThread "Unconstrained build operations Thread 77" [_thread_blocked, id=22812, stack(0x000000603c900000,0x000000603ca00000)]
  0x0000025ca829b5f0 JavaThread "Unconstrained build operations Thread 78" [_thread_blocked, id=3744, stack(0x000000603ca00000,0x000000603cb00000)]
  0x0000025ca829bac0 JavaThread "Unconstrained build operations Thread 79" [_thread_blocked, id=8484, stack(0x000000603cb00000,0x000000603cc00000)]
  0x0000025ca86daa50 JavaThread "Unconstrained build operations Thread 80" [_thread_blocked, id=10652, stack(0x000000603cc00000,0x000000603cd00000)]
  0x0000025ca86d9710 JavaThread "jar transforms Thread 8" [_thread_blocked, id=15872, stack(0x000000603cd00000,0x000000603ce00000)]
  0x0000025ca86d4070 JavaThread "build event listener" [_thread_blocked, id=5976, stack(0x000000603ce00000,0x000000603cf00000)]
  0x0000025ca86d4ee0 JavaThread "Memory manager" [_thread_blocked, id=22584, stack(0x000000603cf00000,0x000000603d000000)]
  0x0000025ca86d53b0 JavaThread "Exec process" [_thread_blocked, id=12472, stack(0x000000603d000000,0x000000603d100000)]
  0x0000025ca86d7090 JavaThread "Exec process Thread 2" [_thread_blocked, id=13976, stack(0x000000603d100000,0x000000603d200000)]
  0x0000025ca86d4540 JavaThread "Exec process Thread 3" [_thread_blocked, id=7408, stack(0x000000603d200000,0x000000603d300000)]
  0x0000025ca99f7290 JavaThread "C2 CompilerThread1" daemon [_thread_blocked, id=10812, stack(0x0000006036a00000,0x0000006036b00000)]
  0x0000025ca99f90f0 JavaThread "C2 CompilerThread2" daemon [_thread_blocked, id=11060, stack(0x0000006036b00000,0x0000006036c00000)]
  0x0000025ca86da0b0 JavaThread "pool-3-thread-1" [_thread_blocked, id=12340, stack(0x000000603d500000,0x000000603d600000)]
  0x0000025ca86d9be0 JavaThread "build event listener" [_thread_blocked, id=1816, stack(0x000000603d600000,0x000000603d700000)]
  0x0000025ca86d7560 JavaThread "included builds" [_thread_blocked, id=14208, stack(0x000000603d700000,0x000000603d800000)]
  0x0000025ca86d7a30 JavaThread "Execution worker" [_thread_blocked, id=17380, stack(0x000000603d800000,0x000000603d900000)]
  0x0000025ca86d7f00 JavaThread "Execution worker Thread 2" [_thread_blocked, id=20516, stack(0x000000603d900000,0x000000603da00000)]
  0x0000025ca86d83d0 JavaThread "Execution worker Thread 3" [_thread_blocked, id=5220, stack(0x000000603da00000,0x000000603db00000)]
  0x0000025ca86da580 JavaThread "Execution worker Thread 4" [_thread_blocked, id=6628, stack(0x000000603db00000,0x000000603dc00000)]
  0x0000025ca86d9240 JavaThread "Execution worker Thread 5" [_thread_blocked, id=3184, stack(0x000000603dc00000,0x000000603dd00000)]
  0x0000025ca86db8c0 JavaThread "Execution worker Thread 6" [_thread_blocked, id=2272, stack(0x000000603dd00000,0x000000603de00000)]
  0x0000025cae1c0530 JavaThread "Execution worker Thread 7" [_thread_blocked, id=19320, stack(0x000000603de00000,0x000000603df00000)]
  0x0000025cae1c3550 JavaThread "Cache worker for execution history cache (C:\Users\dell\Documents\projects\saudigitus\dhis2-android-capture-app-quick-notification\.gradle\7.5\executionHistory)" [_thread_blocked, id=18228, stack(0x000000603df00000,0x000000603e000000)]

Other Threads:
=>0x0000025ca33adc10 VMThread "VM Thread" [stack: 0x0000006034800000,0x0000006034900000] [id=22244]
  0x0000025c870cccb0 WatcherThread [stack: 0x0000006035400000,0x0000006035500000] [id=16972]
  0x0000025c870b5300 GCTaskThread "GC Thread#0" [stack: 0x0000006034300000,0x0000006034400000] [id=12476]
  0x0000025ca4e0a890 GCTaskThread "GC Thread#1" [stack: 0x0000006035600000,0x0000006035700000] [id=4964]
  0x0000025ca4e0cdc0 GCTaskThread "GC Thread#2" [stack: 0x0000006035700000,0x0000006035800000] [id=2860]
  0x0000025ca4e0d070 GCTaskThread "GC Thread#3" [stack: 0x0000006035800000,0x0000006035900000] [id=22256]
  0x0000025ca4e0d320 GCTaskThread "GC Thread#4" [stack: 0x0000006035900000,0x0000006035a00000] [id=23104]
  0x0000025ca4e0d5d0 GCTaskThread "GC Thread#5" [stack: 0x0000006035a00000,0x0000006035b00000] [id=22980]
  0x0000025ca58cd490 GCTaskThread "GC Thread#6" [stack: 0x0000006036600000,0x0000006036700000] [id=15000]
  0x0000025ca6b07700 GCTaskThread "GC Thread#7" [stack: 0x0000006036700000,0x0000006036800000] [id=10776]
  0x0000025c870c2260 ConcurrentGCThread "G1 Main Marker" [stack: 0x0000006034400000,0x0000006034500000] [id=6572]
  0x0000025c870c2b10 ConcurrentGCThread "G1 Conc#0" [stack: 0x0000006034500000,0x0000006034600000] [id=15556]
  0x0000025ca45256b0 ConcurrentGCThread "G1 Conc#1" [stack: 0x0000006036800000,0x0000006036900000] [id=19120]
  0x0000025ca32758d0 ConcurrentGCThread "G1 Refine#0" [stack: 0x0000006034600000,0x0000006034700000] [id=14620]
  0x0000025cab0b4750 ConcurrentGCThread "G1 Refine#1" [stack: 0x000000603d300000,0x000000603d400000] [id=21328]
  0x0000025cab0b5e50 ConcurrentGCThread "G1 Refine#2" [stack: 0x000000603d400000,0x000000603d500000] [id=10564]
  0x0000025ca32760a0 ConcurrentGCThread "G1 Service" [stack: 0x0000006034700000,0x0000006034800000] [id=6576]

Threads with active compile tasks:
C2 CompilerThread0    22018 14960       4       sun.invoke.util.VerifyAccess::isClassAccessible (230 bytes)
C2 CompilerThread1    22018 14966       4       sun.invoke.util.BytecodeDescriptor::unparseSig (49 bytes)
C2 CompilerThread2    22018 14969   !   4       org.gradle.internal.serialize.kryo.KryoBackedDecoder::readNullableString (15 bytes)

VM state: at safepoint (normal execution)

VM Mutex/Monitor currently owned by a thread:  ([mutex/lock_event])
[0x0000025c8500a5c0] Threads_lock - owner thread: 0x0000025ca33adc10
[0x0000025c8500a260] Heap_lock - owner thread: 0x0000025ca86d9240

Heap address: 0x000000073e800000, size: 3096 MB, Compressed Oops mode: Zero based, Oop shift amount: 3

CDS archive(s) not mapped
Compressed class space mapped at: 0x0000000800000000-0x0000000840000000, reserved size: 1073741824
Narrow klass base: 0x0000000800000000, Narrow klass shift: 0, Narrow klass range: 0x40000000

GC Precious Log:
 CPUs: 8 total, 8 available
 Memory: 15984M
 Large Page Support: Disabled
 NUMA Support: Disabled
 Compressed Oops: Enabled (Zero based)
 Heap Region Size: 2M
 Heap Min Capacity: 8M
 Heap Initial Capacity: 250M
 Heap Max Capacity: 3096M
 Pre-touch: Disabled
 Parallel Workers: 8
 Concurrent Workers: 2
 Concurrent Refinement Workers: 8
 Periodic GC: Disabled

Heap:
 garbage-first heap   total 319488K, used 187776K [0x000000073e800000, 0x0000000800000000)
  region size 2048K, 5 young (10240K), 5 survivors (10240K)
 Metaspace       used 107931K, committed 109056K, reserved 1146880K
  class space    used 14759K, committed 15296K, reserved 1048576K

Heap Regions: E=young(eden), S=young(survivor), O=old, HS=humongous(starts), HC=humongous(continues), CS=collection set, F=free, OA=open archive, CA=closed archive, TAMS=top-at-mark-start (previous, next)
|   0|0x000000073e800000, 0x000000073ea00000, 0x000000073ea00000|100%| O|  |TAMS 0x000000073ea00000, 0x000000073e800000| Untracked 
|   1|0x000000073ea00000, 0x000000073ebec600, 0x000000073ec00000| 96%| O|  |TAMS 0x000000073ebec600, 0x000000073ea00000| Untracked 
|   2|0x000000073ec00000, 0x000000073ee00000, 0x000000073ee00000|100%|HS|  |TAMS 0x000000073ee00000, 0x000000073ec00000| Complete 
|   3|0x000000073ee00000, 0x000000073f000000, 0x000000073f000000|100%|HC|  |TAMS 0x000000073f000000, 0x000000073ee00000| Complete 
|   4|0x000000073f000000, 0x000000073f200000, 0x000000073f200000|100%| O|  |TAMS 0x000000073f200000, 0x000000073f000000| Untracked 
|   5|0x000000073f200000, 0x000000073f400000, 0x000000073f400000|100%| O|  |TAMS 0x000000073f400000, 0x000000073f200000| Untracked 
|   6|0x000000073f400000, 0x000000073f600000, 0x000000073f600000|100%| O|  |TAMS 0x000000073f600000, 0x000000073f400000| Untracked 
|   7|0x000000073f600000, 0x000000073f800000, 0x000000073f800000|100%| O|  |TAMS 0x000000073f800000, 0x000000073f600000| Untracked 
|   8|0x000000073f800000, 0x000000073fa00000, 0x000000073fa00000|100%| O|  |TAMS 0x000000073fa00000, 0x000000073f800000| Untracked 
|   9|0x000000073fa00000, 0x000000073fc00000, 0x000000073fc00000|100%| O|  |TAMS 0x000000073fc00000, 0x000000073fa00000| Untracked 
|  10|0x000000073fc00000, 0x000000073fe00000, 0x000000073fe00000|100%| O|  |TAMS 0x000000073fe00000, 0x000000073fc00000| Untracked 
|  11|0x000000073fe00000, 0x0000000740000000, 0x0000000740000000|100%| O|  |TAMS 0x0000000740000000, 0x000000073fe00000| Untracked 
|  12|0x0000000740000000, 0x0000000740200000, 0x0000000740200000|100%| O|  |TAMS 0x0000000740200000, 0x0000000740000000| Untracked 
|  13|0x0000000740200000, 0x0000000740400000, 0x0000000740400000|100%| O|  |TAMS 0x0000000740400000, 0x0000000740200000| Untracked 
|  14|0x0000000740400000, 0x0000000740600000, 0x0000000740600000|100%| O|  |TAMS 0x0000000740600000, 0x0000000740400000| Untracked 
|  15|0x0000000740600000, 0x0000000740800000, 0x0000000740800000|100%| O|  |TAMS 0x0000000740800000, 0x0000000740600000| Untracked 
|  16|0x0000000740800000, 0x0000000740a00000, 0x0000000740a00000|100%| O|  |TAMS 0x0000000740a00000, 0x0000000740800000| Untracked 
|  17|0x0000000740a00000, 0x0000000740c00000, 0x0000000740c00000|100%| O|  |TAMS 0x0000000740c00000, 0x0000000740a00000| Untracked 
|  18|0x0000000740c00000, 0x0000000740e00000, 0x0000000740e00000|100%| O|  |TAMS 0x0000000740e00000, 0x0000000740c00000| Untracked 
|  19|0x0000000740e00000, 0x0000000741000000, 0x0000000741000000|100%| O|  |TAMS 0x0000000740e00000, 0x0000000740e00000| Untracked 
|  20|0x0000000741000000, 0x0000000741200000, 0x0000000741200000|100%| O|  |TAMS 0x0000000741200000, 0x0000000741000000| Untracked 
|  21|0x0000000741200000, 0x0000000741400000, 0x0000000741400000|100%| O|  |TAMS 0x0000000741400000, 0x0000000741200000| Untracked 
|  22|0x0000000741400000, 0x0000000741600000, 0x0000000741600000|100%|HS|  |TAMS 0x0000000741600000, 0x0000000741400000| Complete 
|  23|0x0000000741600000, 0x0000000741800000, 0x0000000741800000|100%| O|  |TAMS 0x0000000741800000, 0x0000000741600000| Untracked 
|  24|0x0000000741800000, 0x0000000741a00000, 0x0000000741a00000|100%| O|  |TAMS 0x0000000741a00000, 0x0000000741800000| Untracked 
|  25|0x0000000741a00000, 0x0000000741c00000, 0x0000000741c00000|100%|HS|  |TAMS 0x0000000741c00000, 0x0000000741a00000| Complete 
|  26|0x0000000741c00000, 0x0000000741e00000, 0x0000000741e00000|100%|HC|  |TAMS 0x0000000741e00000, 0x0000000741c00000| Complete 
|  27|0x0000000741e00000, 0x0000000742000000, 0x0000000742000000|100%| O|  |TAMS 0x0000000742000000, 0x0000000741e00000| Untracked 
|  28|0x0000000742000000, 0x0000000742200000, 0x0000000742200000|100%| O|  |TAMS 0x0000000742200000, 0x0000000742000000| Untracked 
|  29|0x0000000742200000, 0x0000000742400000, 0x0000000742400000|100%| O|  |TAMS 0x0000000742400000, 0x0000000742200000| Untracked 
|  30|0x0000000742400000, 0x0000000742600000, 0x0000000742600000|100%| O|  |TAMS 0x0000000742600000, 0x0000000742400000| Untracked 
|  31|0x0000000742600000, 0x0000000742800000, 0x0000000742800000|100%| O|  |TAMS 0x0000000742800000, 0x0000000742600000| Untracked 
|  32|0x0000000742800000, 0x0000000742a00000, 0x0000000742a00000|100%| O|  |TAMS 0x0000000742a00000, 0x0000000742800000| Untracked 
|  33|0x0000000742a00000, 0x0000000742c00000, 0x0000000742c00000|100%| O|  |TAMS 0x0000000742c00000, 0x0000000742a00000| Untracked 
|  34|0x0000000742c00000, 0x0000000742e00000, 0x0000000742e00000|100%| O|  |TAMS 0x0000000742e00000, 0x0000000742c00000| Untracked 
|  35|0x0000000742e00000, 0x0000000743000000, 0x0000000743000000|100%| O|  |TAMS 0x0000000743000000, 0x0000000742e00000| Untracked 
|  36|0x0000000743000000, 0x0000000743200000, 0x0000000743200000|100%| O|  |TAMS 0x0000000743200000, 0x0000000743000000| Untracked 
|  37|0x0000000743200000, 0x0000000743400000, 0x0000000743400000|100%| O|  |TAMS 0x0000000743400000, 0x0000000743200000| Untracked 
|  38|0x0000000743400000, 0x0000000743573c00, 0x0000000743600000| 72%| O|  |TAMS 0x0000000743400000, 0x0000000743400000| Untracked 
|  39|0x0000000743600000, 0x0000000743800000, 0x0000000743800000|100%| O|  |TAMS 0x0000000743800000, 0x0000000743600000| Untracked 
|  40|0x0000000743800000, 0x0000000743a00000, 0x0000000743a00000|100%| O|  |TAMS 0x0000000743a00000, 0x0000000743800000| Untracked 
|  41|0x0000000743a00000, 0x0000000743c00000, 0x0000000743c00000|100%| O|  |TAMS 0x0000000743c00000, 0x0000000743a00000| Untracked 
|  42|0x0000000743c00000, 0x0000000743e00000, 0x0000000743e00000|100%| O|  |TAMS 0x0000000743e00000, 0x0000000743c00000| Untracked 
|  43|0x0000000743e00000, 0x0000000744000000, 0x0000000744000000|100%| O|  |TAMS 0x0000000744000000, 0x0000000743e00000| Untracked 
|  44|0x0000000744000000, 0x0000000744200000, 0x0000000744200000|100%| O|  |TAMS 0x0000000744200000, 0x0000000744000000| Untracked 
|  45|0x0000000744200000, 0x0000000744400000, 0x0000000744400000|100%| O|  |TAMS 0x0000000744400000, 0x0000000744200000| Untracked 
|  46|0x0000000744400000, 0x0000000744600000, 0x0000000744600000|100%| O|  |TAMS 0x0000000744600000, 0x0000000744400000| Untracked 
|  47|0x0000000744600000, 0x0000000744800000, 0x0000000744800000|100%| O|  |TAMS 0x0000000744800000, 0x0000000744600000| Untracked 
|  48|0x0000000744800000, 0x0000000744a00000, 0x0000000744a00000|100%| O|  |TAMS 0x0000000744a00000, 0x0000000744800000| Untracked 
|  49|0x0000000744a00000, 0x0000000744c00000, 0x0000000744c00000|100%| O|  |TAMS 0x0000000744c00000, 0x0000000744a00000| Untracked 
|  50|0x0000000744c00000, 0x0000000744e00000, 0x0000000744e00000|100%| O|  |TAMS 0x0000000744e00000, 0x0000000744c00000| Untracked 
|  51|0x0000000744e00000, 0x0000000745000000, 0x0000000745000000|100%| O|  |TAMS 0x0000000745000000, 0x0000000744e00000| Untracked 
|  52|0x0000000745000000, 0x0000000745200000, 0x0000000745200000|100%| O|  |TAMS 0x0000000745200000, 0x0000000745000000| Untracked 
|  53|0x0000000745200000, 0x0000000745400000, 0x0000000745400000|100%| O|  |TAMS 0x0000000745400000, 0x0000000745200000| Untracked 
|  54|0x0000000745400000, 0x0000000745600000, 0x0000000745600000|100%| O|  |TAMS 0x0000000745600000, 0x0000000745400000| Untracked 
|  55|0x0000000745600000, 0x0000000745800000, 0x0000000745800000|100%| O|  |TAMS 0x0000000745800000, 0x0000000745600000| Untracked 
|  56|0x0000000745800000, 0x0000000745a00000, 0x0000000745a00000|100%| O|  |TAMS 0x0000000745a00000, 0x0000000745800000| Untracked 
|  57|0x0000000745a00000, 0x0000000745c00000, 0x0000000745c00000|100%| O|  |TAMS 0x0000000745c00000, 0x0000000745a00000| Untracked 
|  58|0x0000000745c00000, 0x0000000745e00000, 0x0000000745e00000|100%| O|  |TAMS 0x0000000745e00000, 0x0000000745c00000| Untracked 
|  59|0x0000000745e00000, 0x0000000746000000, 0x0000000746000000|100%| O|  |TAMS 0x0000000746000000, 0x0000000745e00000| Untracked 
|  60|0x0000000746000000, 0x0000000746200000, 0x0000000746200000|100%| O|  |TAMS 0x0000000746200000, 0x0000000746000000| Untracked 
|  61|0x0000000746200000, 0x0000000746400000, 0x0000000746400000|100%| O|  |TAMS 0x0000000746400000, 0x0000000746200000| Untracked 
|  62|0x0000000746400000, 0x0000000746600000, 0x0000000746600000|100%| O|  |TAMS 0x0000000746600000, 0x0000000746400000| Untracked 
|  63|0x0000000746600000, 0x0000000746800000, 0x0000000746800000|100%| O|  |TAMS 0x0000000746800000, 0x0000000746600000| Untracked 
|  64|0x0000000746800000, 0x0000000746a00000, 0x0000000746a00000|100%| O|  |TAMS 0x0000000746941200, 0x0000000746800000| Untracked 
|  65|0x0000000746a00000, 0x0000000746c00000, 0x0000000746c00000|100%| O|  |TAMS 0x0000000746a00000, 0x0000000746a00000| Untracked 
|  66|0x0000000746c00000, 0x0000000746e00000, 0x0000000746e00000|100%| O|  |TAMS 0x0000000746c00000, 0x0000000746c00000| Untracked 
|  67|0x0000000746e00000, 0x0000000747000000, 0x0000000747000000|100%| O|  |TAMS 0x0000000746e00000, 0x0000000746e00000| Untracked 
|  68|0x0000000747000000, 0x0000000747200000, 0x0000000747200000|100%| O|  |TAMS 0x0000000747000000, 0x0000000747000000| Untracked 
|  69|0x0000000747200000, 0x0000000747400000, 0x0000000747400000|100%| O|  |TAMS 0x0000000747200000, 0x0000000747200000| Untracked 
|  70|0x0000000747400000, 0x0000000747600000, 0x0000000747600000|100%| O|  |TAMS 0x0000000747400000, 0x0000000747400000| Untracked 
|  71|0x0000000747600000, 0x0000000747800000, 0x0000000747800000|100%| O|  |TAMS 0x0000000747600000, 0x0000000747600000| Untracked 
|  72|0x0000000747800000, 0x0000000747a00000, 0x0000000747a00000|100%| O|  |TAMS 0x0000000747800000, 0x0000000747800000| Untracked 
|  73|0x0000000747a00000, 0x0000000747c00000, 0x0000000747c00000|100%| O|  |TAMS 0x0000000747a00000, 0x0000000747a00000| Untracked 
|  74|0x0000000747c00000, 0x0000000747e00000, 0x0000000747e00000|100%| O|  |TAMS 0x0000000747c00000, 0x0000000747c00000| Untracked 
|  75|0x0000000747e00000, 0x0000000748000000, 0x0000000748000000|100%| O|  |TAMS 0x0000000747e00000, 0x0000000747e00000| Untracked 
|  76|0x0000000748000000, 0x0000000748200000, 0x0000000748200000|100%| O|  |TAMS 0x0000000748000000, 0x0000000748000000| Untracked 
|  77|0x0000000748200000, 0x0000000748400000, 0x0000000748400000|100%| O|  |TAMS 0x0000000748200000, 0x0000000748200000| Untracked 
|  78|0x0000000748400000, 0x0000000748600000, 0x0000000748600000|100%| O|  |TAMS 0x0000000748400000, 0x0000000748400000| Untracked 
|  79|0x0000000748600000, 0x0000000748800000, 0x0000000748800000|100%| O|  |TAMS 0x0000000748600000, 0x0000000748600000| Untracked 
|  80|0x0000000748800000, 0x0000000748a00000, 0x0000000748a00000|100%| O|  |TAMS 0x0000000748800000, 0x0000000748800000| Untracked 
|  81|0x0000000748a00000, 0x0000000748c00000, 0x0000000748c00000|100%| O|  |TAMS 0x0000000748a00000, 0x0000000748a00000| Untracked 
|  82|0x0000000748c00000, 0x0000000748e00000, 0x0000000748e00000|100%| O|  |TAMS 0x0000000748c00000, 0x0000000748c00000| Untracked 
|  83|0x0000000748e00000, 0x0000000749000000, 0x0000000749000000|100%| O|  |TAMS 0x0000000748e00000, 0x0000000748e00000| Untracked 
|  84|0x0000000749000000, 0x0000000749200000, 0x0000000749200000|100%| O|  |TAMS 0x0000000749000000, 0x0000000749000000| Untracked 
|  85|0x0000000749200000, 0x0000000749400000, 0x0000000749400000|100%| O|  |TAMS 0x0000000749200000, 0x0000000749200000| Untracked 
|  86|0x0000000749400000, 0x0000000749600000, 0x0000000749600000|100%| O|  |TAMS 0x0000000749400000, 0x0000000749400000| Untracked 
|  87|0x0000000749600000, 0x0000000749600000, 0x0000000749800000|  0%| F|  |TAMS 0x0000000749600000, 0x0000000749600000| Untracked 
|  88|0x0000000749800000, 0x0000000749800000, 0x0000000749a00000|  0%| F|  |TAMS 0x0000000749800000, 0x0000000749800000| Untracked 
|  89|0x0000000749a00000, 0x0000000749a00000, 0x0000000749c00000|  0%| F|  |TAMS 0x0000000749a00000, 0x0000000749a00000| Untracked 
|  90|0x0000000749c00000, 0x0000000749c00000, 0x0000000749e00000|  0%| F|  |TAMS 0x0000000749c00000, 0x0000000749c00000| Untracked 
|  91|0x0000000749e00000, 0x0000000749e00000, 0x000000074a000000|  0%| F|  |TAMS 0x0000000749e00000, 0x0000000749e00000| Untracked 
|  92|0x000000074a000000, 0x000000074a000000, 0x000000074a200000|  0%| F|  |TAMS 0x000000074a000000, 0x000000074a000000| Untracked 
|  93|0x000000074a200000, 0x000000074a200000, 0x000000074a400000|  0%| F|  |TAMS 0x000000074a200000, 0x000000074a200000| Untracked 
|  94|0x000000074a400000, 0x000000074a400000, 0x000000074a600000|  0%| F|  |TAMS 0x000000074a400000, 0x000000074a400000| Untracked 
|  95|0x000000074a600000, 0x000000074a600000, 0x000000074a800000|  0%| F|  |TAMS 0x000000074a600000, 0x000000074a600000| Untracked 
|  96|0x000000074a800000, 0x000000074a800000, 0x000000074aa00000|  0%| F|  |TAMS 0x000000074a800000, 0x000000074a800000| Untracked 
|  97|0x000000074aa00000, 0x000000074aa00000, 0x000000074ac00000|  0%| F|  |TAMS 0x000000074aa00000, 0x000000074aa00000| Untracked 
|  98|0x000000074ac00000, 0x000000074ac00000, 0x000000074ae00000|  0%| F|  |TAMS 0x000000074ac00000, 0x000000074ac00000| Untracked 
|  99|0x000000074ae00000, 0x000000074ae00000, 0x000000074b000000|  0%| F|  |TAMS 0x000000074ae00000, 0x000000074ae00000| Untracked 
| 100|0x000000074b000000, 0x000000074b000000, 0x000000074b200000|  0%| F|  |TAMS 0x000000074b000000, 0x000000074b000000| Untracked 
| 101|0x000000074b200000, 0x000000074b200000, 0x000000074b400000|  0%| F|  |TAMS 0x000000074b200000, 0x000000074b200000| Untracked 
| 102|0x000000074b400000, 0x000000074b400000, 0x000000074b600000|  0%| F|  |TAMS 0x000000074b400000, 0x000000074b400000| Untracked 
| 103|0x000000074b600000, 0x000000074b600000, 0x000000074b800000|  0%| F|  |TAMS 0x000000074b600000, 0x000000074b600000| Untracked 
| 104|0x000000074b800000, 0x000000074b800000, 0x000000074ba00000|  0%| F|  |TAMS 0x000000074b800000, 0x000000074b800000| Untracked 
| 105|0x000000074ba00000, 0x000000074ba00000, 0x000000074bc00000|  0%| F|  |TAMS 0x000000074ba00000, 0x000000074ba00000| Untracked 
| 106|0x000000074bc00000, 0x000000074bc00000, 0x000000074be00000|  0%| F|  |TAMS 0x000000074bc00000, 0x000000074bc00000| Untracked 
| 107|0x000000074be00000, 0x000000074be00000, 0x000000074c000000|  0%| F|  |TAMS 0x000000074be00000, 0x000000074be00000| Untracked 
| 108|0x000000074c000000, 0x000000074c000000, 0x000000074c200000|  0%| F|  |TAMS 0x000000074c000000, 0x000000074c000000| Untracked 
| 109|0x000000074c200000, 0x000000074c200000, 0x000000074c400000|  0%| F|  |TAMS 0x000000074c200000, 0x000000074c200000| Untracked 
| 110|0x000000074c400000, 0x000000074c600000, 0x000000074c600000|100%| S|CS|TAMS 0x000000074c400000, 0x000000074c400000| Complete 
| 111|0x000000074c600000, 0x000000074c800000, 0x000000074c800000|100%| S|CS|TAMS 0x000000074c600000, 0x000000074c600000| Complete 
| 112|0x000000074c800000, 0x000000074ca00000, 0x000000074ca00000|100%| S|CS|TAMS 0x000000074c800000, 0x000000074c800000| Complete 
| 113|0x000000074ca00000, 0x000000074cc00000, 0x000000074cc00000|100%| S|CS|TAMS 0x000000074ca00000, 0x000000074ca00000| Complete 
| 114|0x000000074cc00000, 0x000000074ce00000, 0x000000074ce00000|100%| S|CS|TAMS 0x000000074cc00000, 0x000000074cc00000| Complete 
| 115|0x000000074ce00000, 0x000000074ce00000, 0x000000074d000000|  0%| F|  |TAMS 0x000000074ce00000, 0x000000074ce00000| Untracked 
| 116|0x000000074d000000, 0x000000074d000000, 0x000000074d200000|  0%| F|  |TAMS 0x000000074d000000, 0x000000074d000000| Untracked 
| 117|0x000000074d200000, 0x000000074d200000, 0x000000074d400000|  0%| F|  |TAMS 0x000000074d200000, 0x000000074d200000| Untracked 
| 118|0x000000074d400000, 0x000000074d400000, 0x000000074d600000|  0%| F|  |TAMS 0x000000074d400000, 0x000000074d400000| Untracked 
| 119|0x000000074d600000, 0x000000074d600000, 0x000000074d800000|  0%| F|  |TAMS 0x000000074d600000, 0x000000074d600000| Untracked 
| 120|0x000000074d800000, 0x000000074d800000, 0x000000074da00000|  0%| F|  |TAMS 0x000000074d800000, 0x000000074d800000| Untracked 
| 121|0x000000074da00000, 0x000000074da00000, 0x000000074dc00000|  0%| F|  |TAMS 0x000000074da00000, 0x000000074da00000| Untracked 
| 122|0x000000074dc00000, 0x000000074dc00000, 0x000000074de00000|  0%| F|  |TAMS 0x000000074dc00000, 0x000000074dc00000| Untracked 
| 123|0x000000074de00000, 0x000000074de00000, 0x000000074e000000|  0%| F|  |TAMS 0x000000074de00000, 0x000000074de00000| Untracked 
| 124|0x000000074e000000, 0x000000074e000000, 0x000000074e200000|  0%| F|  |TAMS 0x000000074e000000, 0x000000074e000000| Untracked 
| 125|0x000000074e200000, 0x000000074e200000, 0x000000074e400000|  0%| F|  |TAMS 0x000000074e200000, 0x000000074e200000| Untracked 
| 126|0x000000074e400000, 0x000000074e400000, 0x000000074e600000|  0%| F|  |TAMS 0x000000074e400000, 0x000000074e400000| Untracked 
| 127|0x000000074e600000, 0x000000074e600000, 0x000000074e800000|  0%| F|  |TAMS 0x000000074e600000, 0x000000074e600000| Untracked 
| 128|0x000000074e800000, 0x000000074e800000, 0x000000074ea00000|  0%| F|  |TAMS 0x000000074e800000, 0x000000074e800000| Untracked 
| 129|0x000000074ea00000, 0x000000074ea00000, 0x000000074ec00000|  0%| F|  |TAMS 0x000000074ea00000, 0x000000074ea00000| Untracked 
| 130|0x000000074ec00000, 0x000000074ec00000, 0x000000074ee00000|  0%| F|  |TAMS 0x000000074ec00000, 0x000000074ec00000| Untracked 
| 131|0x000000074ee00000, 0x000000074ee00000, 0x000000074f000000|  0%| F|  |TAMS 0x000000074ee00000, 0x000000074ee00000| Untracked 
| 132|0x000000074f000000, 0x000000074f000000, 0x000000074f200000|  0%| F|  |TAMS 0x000000074f000000, 0x000000074f000000| Untracked 
| 133|0x000000074f200000, 0x000000074f200000, 0x000000074f400000|  0%| F|  |TAMS 0x000000074f200000, 0x000000074f200000| Untracked 
| 134|0x000000074f400000, 0x000000074f400000, 0x000000074f600000|  0%| F|  |TAMS 0x000000074f400000, 0x000000074f400000| Untracked 
| 135|0x000000074f600000, 0x000000074f600000, 0x000000074f800000|  0%| F|  |TAMS 0x000000074f600000, 0x000000074f600000| Untracked 
| 136|0x000000074f800000, 0x000000074f800000, 0x000000074fa00000|  0%| F|  |TAMS 0x000000074f800000, 0x000000074f800000| Untracked 
| 137|0x000000074fa00000, 0x000000074fa00000, 0x000000074fc00000|  0%| F|  |TAMS 0x000000074fa00000, 0x000000074fa00000| Untracked 
| 138|0x000000074fc00000, 0x000000074fc00000, 0x000000074fe00000|  0%| F|  |TAMS 0x000000074fc00000, 0x000000074fc00000| Untracked 
| 139|0x000000074fe00000, 0x000000074fe00000, 0x0000000750000000|  0%| F|  |TAMS 0x000000074fe00000, 0x000000074fe00000| Untracked 
| 140|0x0000000750000000, 0x0000000750000000, 0x0000000750200000|  0%| F|  |TAMS 0x0000000750000000, 0x0000000750000000| Untracked 
| 141|0x0000000750200000, 0x0000000750200000, 0x0000000750400000|  0%| F|  |TAMS 0x0000000750200000, 0x0000000750200000| Untracked 
| 142|0x0000000750400000, 0x0000000750400000, 0x0000000750600000|  0%| F|  |TAMS 0x0000000750400000, 0x0000000750400000| Untracked 
| 143|0x0000000750600000, 0x0000000750600000, 0x0000000750800000|  0%| F|  |TAMS 0x0000000750600000, 0x0000000750600000| Untracked 
| 144|0x0000000750800000, 0x0000000750800000, 0x0000000750a00000|  0%| F|  |TAMS 0x0000000750800000, 0x0000000750800000| Untracked 
| 145|0x0000000750a00000, 0x0000000750a00000, 0x0000000750c00000|  0%| F|  |TAMS 0x0000000750a00000, 0x0000000750a00000| Untracked 
| 146|0x0000000750c00000, 0x0000000750c00000, 0x0000000750e00000|  0%| F|  |TAMS 0x0000000750c00000, 0x0000000750c00000| Untracked 
| 147|0x0000000750e00000, 0x0000000750e00000, 0x0000000751000000|  0%| F|  |TAMS 0x0000000750e00000, 0x0000000750e00000| Untracked 
| 148|0x0000000751000000, 0x0000000751000000, 0x0000000751200000|  0%| F|  |TAMS 0x0000000751000000, 0x0000000751000000| Untracked 
| 149|0x0000000751200000, 0x0000000751200000, 0x0000000751400000|  0%| F|  |TAMS 0x0000000751200000, 0x0000000751200000| Untracked 
| 150|0x0000000751400000, 0x0000000751400000, 0x0000000751600000|  0%| F|  |TAMS 0x0000000751400000, 0x0000000751400000| Untracked 
| 151|0x0000000751600000, 0x0000000751600000, 0x0000000751800000|  0%| F|  |TAMS 0x0000000751600000, 0x0000000751600000| Untracked 
| 152|0x0000000751800000, 0x0000000751800000, 0x0000000751a00000|  0%| F|  |TAMS 0x0000000751800000, 0x0000000751800000| Untracked 
| 153|0x0000000751a00000, 0x0000000751a00000, 0x0000000751c00000|  0%| F|  |TAMS 0x0000000751a00000, 0x0000000751a00000| Untracked 
| 154|0x0000000751c00000, 0x0000000751c00000, 0x0000000751e00000|  0%| F|  |TAMS 0x0000000751c00000, 0x0000000751c00000| Untracked 
| 155|0x0000000751e00000, 0x0000000751e00000, 0x0000000752000000|  0%| F|  |TAMS 0x0000000751e00000, 0x0000000751e00000| Untracked 

Card table byte_map: [0x0000025c99e60000,0x0000025c9a470000] _byte_map_base: 0x0000025c9646c000

Marking Bits (Prev, Next): (CMBitMap*) 0x0000025c870b57f0, (CMBitMap*) 0x0000025c870b57b0
 Prev Bits: [0x0000025c9dae0000, 0x0000025ca0b40000)
 Next Bits: [0x0000025c9aa80000, 0x0000025c9dae0000)

Polling page: 0x0000025c86820000

Metaspace:

Usage:
  Non-class:     90.99 MB used.
      Class:     14.41 MB used.
       Both:    105.40 MB used.

Virtual space:
  Non-class space:       96.00 MB reserved,      91.56 MB ( 95%) committed,  12 nodes.
      Class space:        1.00 GB reserved,      14.94 MB (  1%) committed,  1 nodes.
             Both:        1.09 GB reserved,     106.50 MB ( 10%) committed. 

Chunk freelists:
   Non-Class:  3.70 MB
       Class:  1.12 MB
        Both:  4.83 MB

MaxMetaspaceSize: unlimited
CompressedClassSpaceSize: 1.00 GB
Initial GC threshold: 21.00 MB
Current GC threshold: 170.00 MB
CDS: off
MetaspaceReclaimPolicy: balanced
 - commit_granule_bytes: 65536.
 - commit_granule_words: 8192.
 - virtual_space_node_default_size: 1048576.
 - enlarge_chunks_in_place: 1.
 - new_chunks_are_fully_committed: 0.
 - uncommit_free_chunks: 1.
 - use_allocation_guard: 0.
 - handle_deallocations: 1.


Internal statistics:

num_allocs_failed_limit: 6.
num_arena_births: 1532.
num_arena_deaths: 0.
num_vsnodes_births: 13.
num_vsnodes_deaths: 0.
num_space_committed: 1704.
num_space_uncommitted: 0.
num_chunks_returned_to_freelist: 6.
num_chunks_taken_from_freelist: 5851.
num_chunk_merges: 3.
num_chunk_splits: 3655.
num_chunks_enlarged: 2212.
num_purges: 0.
num_inconsistent_stats: 0.

CodeHeap 'non-profiled nmethods': size=120000Kb used=9289Kb max_used=9289Kb free=110710Kb
 bounds [0x0000025c91ff0000, 0x0000025c92910000, 0x0000025c99520000]
CodeHeap 'profiled nmethods': size=120000Kb used=24650Kb max_used=25243Kb free=95349Kb
 bounds [0x0000025c8a520000, 0x0000025c8be00000, 0x0000025c91a50000]
CodeHeap 'non-nmethods': size=5760Kb used=2403Kb max_used=2561Kb free=3356Kb
 bounds [0x0000025c91a50000, 0x0000025c91ce0000, 0x0000025c91ff0000]
 total_blobs=13575 nmethods=12638 adapters=847
 compilation: enabled
              stopped_count=0, restarted_count=0
 full_count=0

Compilation events (20 events):
Event: 21.959 Thread 0x0000025ca40adb10 14938       1       org.gradle.internal.operations.OperationStartEvent::getStartTime (5 bytes)
Event: 21.960 Thread 0x0000025ca40adb10 nmethod 14938 0x0000025c92900310 code [0x0000025c929004a0, 0x0000025c92900578]
Event: 21.960 Thread 0x0000025ca40adb10 14945       1       com.android.tools.analytics.CommonMetricsData$GarbageCollectionStatsDiffs::getCollections (5 bytes)
Event: 21.960 Thread 0x0000025ca40adb10 nmethod 14945 0x0000025c92900610 code [0x0000025c929007a0, 0x0000025c92900878]
Event: 21.960 Thread 0x0000025ca40adb10 14946       1       com.android.tools.analytics.CommonMetricsData$GarbageCollectionStatsDiffs::getTime (5 bytes)
Event: 21.960 Thread 0x0000025ca40adb10 nmethod 14946 0x0000025c92900910 code [0x0000025c92900aa0, 0x0000025c92900b78]
Event: 21.960 Thread 0x0000025ca40adb10 14951       1       org.gradle.internal.MutableReference::get (5 bytes)
Event: 21.960 Thread 0x0000025ca40adb10 nmethod 14951 0x0000025c92900c10 code [0x0000025c92900da0, 0x0000025c92900e78]
Event: 21.960 Thread 0x0000025ca40adb10 14950       1       org.gradle.internal.MutableReference::set (6 bytes)
Event: 21.960 Thread 0x0000025ca40adb10 nmethod 14950 0x0000025c92900f10 code [0x0000025c929010a0, 0x0000025c929011b8]
Event: 21.960 Thread 0x0000025ca40adb10 14948       1       org.gradle.api.internal.tasks.TaskExecutionOutcome::getMessage (5 bytes)
Event: 21.960 Thread 0x0000025ca40adb10 nmethod 14948 0x0000025c92901210 code [0x0000025c929013a0, 0x0000025c92901478]
Event: 21.960 Thread 0x0000025ca40adb10 14949       1       org.gradle.internal.build.event.types.DefaultTaskDescriptor::getDisplayName (5 bytes)
Event: 21.960 Thread 0x0000025ca40adb10 nmethod 14949 0x0000025c92901510 code [0x0000025c929016a0, 0x0000025c92901778]
Event: 21.960 Thread 0x0000025ca40adb10 14952       1       org.gradle.internal.logging.events.ProgressCompleteEvent::getTimestamp (5 bytes)
Event: 21.960 Thread 0x0000025ca40adb10 nmethod 14952 0x0000025c92901810 code [0x0000025c929019a0, 0x0000025c92901a78]
Event: 21.960 Thread 0x0000025ca40adb10 14953       1       org.gradle.internal.logging.events.ProgressCompleteEvent::getStatus (5 bytes)
Event: 21.960 Thread 0x0000025ca40adb10 nmethod 14953 0x0000025c92901b10 code [0x0000025c92901ca0, 0x0000025c92901d78]
Event: 21.969 Thread 0x0000025ca99f90f0 nmethod 14970 0x0000025c92901e10 code [0x0000025c92901fc0, 0x0000025c92902388]
Event: 21.970 Thread 0x0000025ca99f90f0 14969   !   4       org.gradle.internal.serialize.kryo.KryoBackedDecoder::readNullableString (15 bytes)

GC Heap History (20 events):
Event: 11.149 GC heap after
{Heap after GC invocations=37 (full 0):
 garbage-first heap   total 141312K, used 77518K [0x000000073e800000, 0x0000000800000000)
  region size 2048K, 1 young (2048K), 1 survivors (2048K)
 Metaspace       used 71986K, committed 72576K, reserved 1114112K
  class space    used 9350K, committed 9600K, reserved 1048576K
}
Event: 11.717 GC heap before
{Heap before GC invocations=37 (full 0):
 garbage-first heap   total 141312K, used 110286K [0x000000073e800000, 0x0000000800000000)
  region size 2048K, 17 young (34816K), 1 survivors (2048K)
 Metaspace       used 74673K, committed 75264K, reserved 1122304K
  class space    used 9719K, committed 9984K, reserved 1048576K
}
Event: 11.723 GC heap after
{Heap after GC invocations=38 (full 0):
 garbage-first heap   total 319488K, used 80114K [0x000000073e800000, 0x0000000800000000)
  region size 2048K, 2 young (4096K), 2 survivors (4096K)
 Metaspace       used 74673K, committed 75264K, reserved 1122304K
  class space    used 9719K, committed 9984K, reserved 1048576K
}
Event: 14.362 GC heap before
{Heap before GC invocations=39 (full 0):
 garbage-first heap   total 301056K, used 241906K [0x000000073e800000, 0x0000000800000000)
  region size 2048K, 81 young (165888K), 2 survivors (4096K)
 Metaspace       used 85650K, committed 86272K, reserved 1130496K
  class space    used 11438K, committed 11712K, reserved 1048576K
}
Event: 14.377 GC heap after
{Heap after GC invocations=40 (full 0):
 garbage-first heap   total 301056K, used 93909K [0x000000073e800000, 0x0000000800000000)
  region size 2048K, 9 young (18432K), 9 survivors (18432K)
 Metaspace       used 85650K, committed 86272K, reserved 1130496K
  class space    used 11438K, committed 11712K, reserved 1048576K
}
Event: 14.408 GC heap before
{Heap before GC invocations=40 (full 0):
 garbage-first heap   total 301056K, used 93909K [0x000000073e800000, 0x0000000800000000)
  region size 2048K, 10 young (20480K), 9 survivors (18432K)
 Metaspace       used 85890K, committed 86528K, reserved 1130496K
  class space    used 11473K, committed 11776K, reserved 1048576K
}
Event: 14.427 GC heap after
{Heap after GC invocations=41 (full 0):
 garbage-first heap   total 301056K, used 95374K [0x000000073e800000, 0x0000000800000000)
  region size 2048K, 2 young (4096K), 2 survivors (4096K)
 Metaspace       used 85890K, committed 86528K, reserved 1130496K
  class space    used 11473K, committed 11776K, reserved 1048576K
}
Event: 16.220 GC heap before
{Heap before GC invocations=41 (full 0):
 garbage-first heap   total 301056K, used 220302K [0x000000073e800000, 0x0000000800000000)
  region size 2048K, 63 young (129024K), 2 survivors (4096K)
 Metaspace       used 93747K, committed 94400K, reserved 1138688K
  class space    used 12629K, committed 12928K, reserved 1048576K
}
Event: 16.228 GC heap after
{Heap after GC invocations=42 (full 0):
 garbage-first heap   total 301056K, used 104918K [0x000000073e800000, 0x0000000800000000)
  region size 2048K, 6 young (12288K), 6 survivors (12288K)
 Metaspace       used 93747K, committed 94400K, reserved 1138688K
  class space    used 12629K, committed 12928K, reserved 1048576K
}
Event: 18.200 GC heap before
{Heap before GC invocations=42 (full 0):
 garbage-first heap   total 301056K, used 227798K [0x000000073e800000, 0x0000000800000000)
  region size 2048K, 66 young (135168K), 6 survivors (12288K)
 Metaspace       used 100517K, committed 101312K, reserved 1138688K
  class space    used 13664K, committed 14016K, reserved 1048576K
}
Event: 18.218 GC heap after
{Heap after GC invocations=43 (full 0):
 garbage-first heap   total 301056K, used 124476K [0x000000073e800000, 0x0000000800000000)
  region size 2048K, 9 young (18432K), 9 survivors (18432K)
 Metaspace       used 100517K, committed 101312K, reserved 1138688K
  class space    used 13664K, committed 14016K, reserved 1048576K
}
Event: 19.511 GC heap before
{Heap before GC invocations=43 (full 0):
 garbage-first heap   total 301056K, used 226876K [0x000000073e800000, 0x0000000800000000)
  region size 2048K, 59 young (120832K), 9 survivors (18432K)
 Metaspace       used 101866K, committed 102784K, reserved 1138688K
  class space    used 13825K, committed 14208K, reserved 1048576K
}
Event: 19.537 GC heap after
{Heap after GC invocations=44 (full 0):
 garbage-first heap   total 301056K, used 147960K [0x000000073e800000, 0x0000000800000000)
  region size 2048K, 8 young (16384K), 8 survivors (16384K)
 Metaspace       used 101866K, committed 102784K, reserved 1138688K
  class space    used 13825K, committed 14208K, reserved 1048576K
}
Event: 20.315 GC heap before
{Heap before GC invocations=44 (full 0):
 garbage-first heap   total 301056K, used 229880K [0x000000073e800000, 0x0000000800000000)
  region size 2048K, 48 young (98304K), 8 survivors (16384K)
 Metaspace       used 103054K, committed 104000K, reserved 1138688K
  class space    used 13953K, committed 14400K, reserved 1048576K
}
Event: 20.338 GC heap after
{Heap after GC invocations=45 (full 0):
 garbage-first heap   total 301056K, used 163060K [0x000000073e800000, 0x0000000800000000)
  region size 2048K, 6 young (12288K), 6 survivors (12288K)
 Metaspace       used 103054K, committed 104000K, reserved 1138688K
  class space    used 13953K, committed 14400K, reserved 1048576K
}
Event: 21.007 GC heap before
{Heap before GC invocations=46 (full 0):
 garbage-first heap   total 307200K, used 236788K [0x000000073e800000, 0x0000000800000000)
  region size 2048K, 42 young (86016K), 6 survivors (12288K)
 Metaspace       used 104253K, committed 105344K, reserved 1146880K
  class space    used 14139K, committed 14592K, reserved 1048576K
}
Event: 21.024 GC heap after
{Heap after GC invocations=47 (full 0):
 garbage-first heap   total 307200K, used 174679K [0x000000073e800000, 0x0000000800000000)
  region size 2048K, 5 young (10240K), 5 survivors (10240K)
 Metaspace       used 104253K, committed 105344K, reserved 1146880K
  class space    used 14139K, committed 14592K, reserved 1048576K
}
Event: 21.055 GC heap before
{Heap before GC invocations=47 (full 0):
 garbage-first heap   total 307200K, used 178775K [0x000000073e800000, 0x0000000800000000)
  region size 2048K, 7 young (14336K), 5 survivors (10240K)
 Metaspace       used 104256K, committed 105344K, reserved 1146880K
  class space    used 14139K, committed 14592K, reserved 1048576K
}
Event: 21.068 GC heap after
{Heap after GC invocations=48 (full 0):
 garbage-first heap   total 307200K, used 175658K [0x000000073e800000, 0x0000000800000000)
  region size 2048K, 1 young (2048K), 1 survivors (2048K)
 Metaspace       used 104256K, committed 105344K, reserved 1146880K
  class space    used 14139K, committed 14592K, reserved 1048576K
}
Event: 21.972 GC heap before
{Heap before GC invocations=48 (full 0):
 garbage-first heap   total 307200K, used 245290K [0x000000073e800000, 0x0000000800000000)
  region size 2048K, 35 young (71680K), 1 survivors (2048K)
 Metaspace       used 107931K, committed 109056K, reserved 1146880K
  class space    used 14759K, committed 15296K, reserved 1048576K
}

Dll operation events (2 events):
Event: 0.007 Loaded shared library C:\Program Files\Android\Android Studio\jbr\bin\java.dll
Event: 0.398 Loaded shared library C:\Program Files\Android\Android Studio\jbr\bin\verify.dll

Deoptimization events (20 events):
Event: 21.904 Thread 0x0000025ca86d7f00 Uncommon trap: trap_request=0xffffff45 fr.pc=0x0000025c927fe9f8 relative=0x0000000000000138
Event: 21.904 Thread 0x0000025ca86d7a30 Uncommon trap: trap_request=0xffffff45 fr.pc=0x0000025c927fe9f8 relative=0x0000000000000138
Event: 21.904 Thread 0x0000025ca86d9240 Uncommon trap: trap_request=0xffffff45 fr.pc=0x0000025c927fe9f8 relative=0x0000000000000138
Event: 21.904 Thread 0x0000025ca86da580 Uncommon trap: trap_request=0xffffff45 fr.pc=0x0000025c927fe9f8 relative=0x0000000000000138
Event: 21.904 Thread 0x0000025ca86d7f00 Uncommon trap: reason=unstable_if action=reinterpret pc=0x0000025c927fe9f8 method=org.gradle.api.internal.provider.AbstractProperty$NonFinalizedValue.maybeFinalizeOnRead(Lorg/gradle/internal/DisplayName;Lorg/gradle/internal/state/ModelObject;Lorg/gradle/a
Event: 21.904 Thread 0x0000025ca86d7a30 Uncommon trap: reason=unstable_if action=reinterpret pc=0x0000025c927fe9f8 method=org.gradle.api.internal.provider.AbstractProperty$NonFinalizedValue.maybeFinalizeOnRead(Lorg/gradle/internal/DisplayName;Lorg/gradle/internal/state/ModelObject;Lorg/gradle/a
Event: 21.904 Thread 0x0000025ca86d9240 Uncommon trap: reason=unstable_if action=reinterpret pc=0x0000025c927fe9f8 method=org.gradle.api.internal.provider.AbstractProperty$NonFinalizedValue.maybeFinalizeOnRead(Lorg/gradle/internal/DisplayName;Lorg/gradle/internal/state/ModelObject;Lorg/gradle/a
Event: 21.904 Thread 0x0000025ca86db8c0 Uncommon trap: trap_request=0xffffff45 fr.pc=0x0000025c9277597c relative=0x000000000000007c
Event: 21.904 Thread 0x0000025ca86da580 Uncommon trap: reason=unstable_if action=reinterpret pc=0x0000025c927fe9f8 method=org.gradle.api.internal.provider.AbstractProperty$NonFinalizedValue.maybeFinalizeOnRead(Lorg/gradle/internal/DisplayName;Lorg/gradle/internal/state/ModelObject;Lorg/gradle/a
Event: 21.904 Thread 0x0000025ca86db8c0 Uncommon trap: reason=unstable_if action=reinterpret pc=0x0000025c9277597c method=org.gradle.api.internal.provider.AbstractProperty$NonFinalizedValue.maybeFinalizeOnRead(Lorg/gradle/internal/DisplayName;Lorg/gradle/internal/state/ModelObject;Lorg/gradle/a
Event: 21.904 Thread 0x0000025ca86d7f00 DEOPT PACKING pc=0x0000025c927fe9f8 sp=0x000000603d9fc8b0
Event: 21.904 Thread 0x0000025ca86d7a30 DEOPT PACKING pc=0x0000025c927fe9f8 sp=0x000000603d8fcf70
Event: 21.904 Thread 0x0000025ca86d7a30 DEOPT UNPACKING pc=0x0000025c91aa69a3 sp=0x000000603d8fce40 mode 2
Event: 21.904 Thread 0x0000025ca86d7f00 DEOPT UNPACKING pc=0x0000025c91aa69a3 sp=0x000000603d9fc780 mode 2
Event: 21.904 Thread 0x0000025ca86d9240 DEOPT PACKING pc=0x0000025c927fe9f8 sp=0x000000603dcfcd80
Event: 21.904 Thread 0x0000025ca86d9240 DEOPT UNPACKING pc=0x0000025c91aa69a3 sp=0x000000603dcfcc50 mode 2
Event: 21.904 Thread 0x0000025ca86da580 DEOPT PACKING pc=0x0000025c927fe9f8 sp=0x000000603dbfcf20
Event: 21.904 Thread 0x0000025ca86da580 DEOPT UNPACKING pc=0x0000025c91aa69a3 sp=0x000000603dbfcdf0 mode 2
Event: 21.904 Thread 0x0000025ca86db8c0 DEOPT PACKING pc=0x0000025c9277597c sp=0x000000603ddfce00
Event: 21.904 Thread 0x0000025ca86db8c0 DEOPT UNPACKING pc=0x0000025c91aa69a3 sp=0x000000603ddfcd88 mode 2

Classes unloaded (0 events):
No events

Classes redefined (0 events):
No events

Internal exceptions (20 events):
Event: 21.367 Thread 0x0000025ca5373700 Exception <a 'java/lang/NoSuchMethodError'{0x000000074ea78d00}: static Lcom/android/build/gradle/internal/profile/ProjectData;.<clinit>()V> (0x000000074ea78d00) 
thrown [s\src\hotspot\share\prims\jni.cpp, line 1108]
Event: 21.385 Thread 0x0000025ca5373700 Exception <a 'java/lang/NoSuchMethodError'{0x000000074eb2cd80}: static Lcom/android/build/gradle/internal/profile/TaskMetadata;.<clinit>()V> (0x000000074eb2cd80) 
thrown [s\src\hotspot\share\prims\jni.cpp, line 1108]
Event: 21.395 Thread 0x0000025ca5373700 Exception <a 'java/lang/NoSuchMethodError'{0x000000074e8a0b10}: 'void java.lang.invoke.DirectMethodHandle$Holder.invokeSpecial(java.lang.Object, java.lang.Object, java.lang.Object, int)'> (0x000000074e8a0b10) 
thrown [s\src\hotspot\share\interpreter\linkResolver.cpp, line 771]
Event: 21.468 Thread 0x0000025ca5373700 Exception <a 'sun/nio/fs/WindowsException'{0x000000074e482838}> (0x000000074e482838) 
thrown [s\src\hotspot\share\prims\jni.cpp, line 517]
Event: 21.474 Thread 0x0000025ca5373700 Exception <a 'java/lang/NoSuchMethodError'{0x000000074e4b97c8}: 'java.lang.Object java.lang.invoke.Invokers$Holder.linkToTargetMethod(java.lang.Object, java.lang.Object, java.lang.Object, int, java.lang.Object, java.lang.Object)'> (0x000000074e4b97c8) 
thrown [s\src\hotspot\share\interpreter\linkResolver.cpp, line 771]
Event: 21.603 Thread 0x0000025ca7aacd90 Exception <a 'java/lang/NoSuchMethodError'{0x000000074dcb6838}: static Lorg/gradle/internal/build/event/types/DefaultTaskStartedProgressEvent;.<clinit>()V> (0x000000074dcb6838) 
thrown [s\src\hotspot\share\prims\jni.cpp, line 1108]
Event: 21.607 Thread 0x0000025ca7aacd90 Exception <a 'java/lang/NoSuchMethodError'{0x000000074dd0dfd0}: static Lorg/gradle/internal/build/event/types/DefaultTaskDescriptor;.<clinit>()V> (0x000000074dd0dfd0) 
thrown [s\src\hotspot\share\prims\jni.cpp, line 1108]
Event: 21.614 Thread 0x0000025ca7aacd90 Exception <a 'java/lang/NoSuchMethodError'{0x000000074dd5e798}: static Lorg/gradle/internal/build/event/types/DefaultTaskFinishedProgressEvent;.<clinit>()V> (0x000000074dd5e798) 
thrown [s\src\hotspot\share\prims\jni.cpp, line 1108]
Event: 21.618 Thread 0x0000025ca7aacd90 Exception <a 'java/lang/NoSuchMethodError'{0x000000074da04b48}: static Lorg/gradle/internal/build/event/types/DefaultTaskSuccessResult;.<clinit>()V> (0x000000074da04b48) 
thrown [s\src\hotspot\share\prims\jni.cpp, line 1108]
Event: 21.619 Thread 0x0000025ca7aacd90 Exception <a 'java/lang/NoSuchMethodError'{0x000000074da06240}: static Lorg/gradle/internal/build/event/types/AbstractTaskResult;.<clinit>()V> (0x000000074da06240) 
thrown [s\src\hotspot\share\prims\jni.cpp, line 1108]
Event: 21.662 Thread 0x0000025ca86da580 Exception <a 'java/lang/NoSuchMethodError'{0x000000074da614a0}: 'void java.lang.invoke.DirectMethodHandle$Holder.invokeInterface(java.lang.Object, java.lang.Object, java.lang.Object, java.lang.Object)'> (0x000000074da614a0) 
thrown [s\src\hotspot\share\interpreter\linkResolver.cpp, line 771]
Event: 21.691 Thread 0x0000025ca86d4070 Exception <a 'java/lang/NoSuchMethodError'{0x000000074db9b598}: static Lcom/android/ide/common/attribution/AndroidGradlePluginAttributionData$BuildInfo;.<clinit>()V> (0x000000074db9b598) 
thrown [s\src\hotspot\share\prims\jni.cpp, line 1108]
Event: 21.699 Thread 0x0000025ca86d4070 Exception <a 'java/lang/NoSuchMethodError'{0x000000074dbe3c90}: static Lcom/android/ide/common/attribution/AndroidGradlePluginAttributionData$JavaInfo;.<clinit>()V> (0x000000074dbe3c90) 
thrown [s\src\hotspot\share\prims\jni.cpp, line 1108]
Event: 21.700 Thread 0x0000025ca86d83d0 Exception <a 'java/lang/IncompatibleClassChangeError'{0x000000074db007c0}: Found class java.lang.Object, but interface was expected> (0x000000074db007c0) 
thrown [s\src\hotspot\share\interpreter\linkResolver.cpp, line 838]
Event: 21.711 Thread 0x0000025ca86d4070 Exception <a 'java/lang/NoSuchMethodError'{0x000000074d8b4b90}: static [Ljava/lang/String;.<clinit>()V> (0x000000074d8b4b90) 
thrown [s\src\hotspot\share\prims\jni.cpp, line 1108]
Event: 21.785 Thread 0x0000025cae1c0530 Exception <a 'java/lang/NoSuchMethodError'{0x000000074d6ac5a8}: 'int java.lang.invoke.DirectMethodHandle$Holder.invokeSpecial(java.lang.Object, java.lang.Object, java.lang.Object, java.lang.Object, java.lang.Object)'> (0x000000074d6ac5a8) 
thrown [s\src\hotspot\share\interpreter\linkResolver.cpp, line 771]
Event: 21.820 Thread 0x0000025ca7aacd90 Exception <a 'java/lang/NoSuchMethodError'{0x000000074d570258}: static Lorg/gradle/internal/build/event/types/DefaultTaskSkippedResult;.<clinit>()V> (0x000000074d570258) 
thrown [s\src\hotspot\share\prims\jni.cpp, line 1108]
Event: 21.879 Thread 0x0000025ca86da580 Implicit null exception at 0x0000025c921a1ee4 to 0x0000025c921a209c
Event: 21.897 Thread 0x0000025ca86d83d0 Exception <a 'java/lang/IncompatibleClassChangeError'{0x000000074d74b108}: Found class java.lang.Object, but interface was expected> (0x000000074d74b108) 
thrown [s\src\hotspot\share\interpreter\linkResolver.cpp, line 838]
Event: 21.971 Thread 0x0000025ca86d9240 Exception <a 'java/lang/NoSuchMethodError'{0x000000074cfefbb0}: 'int java.lang.invoke.DirectMethodHandle$Holder.invokeStaticInit(java.lang.Object, java.lang.Object, java.lang.Object, java.lang.Object, java.lang.Object)'> (0x000000074cfefbb0) 
thrown [s\src\hotspot\share\interpreter\linkResolver.cpp, line 771]

VM Operations (20 events):
Event: 21.534 Executing VM operation: HandshakeAllThreads done
Event: 21.536 Executing VM operation: HandshakeAllThreads
Event: 21.536 Executing VM operation: HandshakeAllThreads done
Event: 21.538 Executing VM operation: HandshakeAllThreads
Event: 21.538 Executing VM operation: HandshakeAllThreads done
Event: 21.567 Executing VM operation: ICBufferFull
Event: 21.567 Executing VM operation: ICBufferFull done
Event: 21.621 Executing VM operation: HandshakeAllThreads
Event: 21.621 Executing VM operation: HandshakeAllThreads done
Event: 21.646 Executing VM operation: HandshakeAllThreads
Event: 21.652 Executing VM operation: HandshakeAllThreads done
Event: 21.786 Executing VM operation: HandshakeAllThreads
Event: 21.787 Executing VM operation: HandshakeAllThreads done
Event: 21.796 Executing VM operation: HandshakeAllThreads
Event: 21.797 Executing VM operation: HandshakeAllThreads done
Event: 21.833 Executing VM operation: ICBufferFull
Event: 21.848 Executing VM operation: ICBufferFull done
Event: 21.925 Executing VM operation: HandshakeAllThreads
Event: 21.926 Executing VM operation: HandshakeAllThreads done
Event: 21.972 Executing VM operation: G1CollectForAllocation

Events (20 events):
Event: 21.523 Thread 0x0000025ca86d9240 Thread added: 0x0000025ca86d9240
Event: 21.523 Thread 0x0000025ca86db8c0 Thread added: 0x0000025ca86db8c0
Event: 21.523 Thread 0x0000025cae1c0530 Thread added: 0x0000025cae1c0530
Event: 21.556 Thread 0x0000025cae1c3550 Thread added: 0x0000025cae1c3550
Event: 21.588 loading class java/util/TreeMap$KeySpliterator
Event: 21.588 loading class java/util/TreeMap$TreeMapSpliterator
Event: 21.588 loading class java/util/TreeMap$TreeMapSpliterator done
Event: 21.588 loading class java/util/TreeMap$KeySpliterator done
Event: 21.707 loading class java/io/ObjectStreamClass$ExceptionInfo
Event: 21.708 loading class java/io/ObjectStreamClass$ExceptionInfo done
Event: 21.817 loading class java/util/stream/ReferencePipeline$4
Event: 21.817 loading class java/util/stream/ReferencePipeline$4 done
Event: 21.817 loading class java/util/function/IntBinaryOperator
Event: 21.818 loading class java/util/function/IntBinaryOperator done
Event: 21.818 loading class java/util/stream/ReduceOps$6
Event: 21.818 loading class java/util/stream/ReduceOps$6 done
Event: 21.818 loading class java/util/stream/ReduceOps$5ReducingSink
Event: 21.819 loading class java/util/stream/ReduceOps$5ReducingSink done
Event: 21.819 loading class java/util/stream/ReferencePipeline$4$1
Event: 21.819 loading class java/util/stream/ReferencePipeline$4$1 done


Dynamic libraries:
0x00007ff677e00000 - 0x00007ff677e0a000 	C:\Program Files\Android\Android Studio\jbr\bin\java.exe
0x00007ffe0f190000 - 0x00007ffe0f3a4000 	C:\WINDOWS\SYSTEM32\ntdll.dll
0x00007ffe0ddb0000 - 0x00007ffe0de72000 	C:\WINDOWS\System32\KERNEL32.DLL
0x00007ffe0cbe0000 - 0x00007ffe0cf83000 	C:\WINDOWS\System32\KERNELBASE.dll
0x00007ffe0c780000 - 0x00007ffe0c891000 	C:\WINDOWS\System32\ucrtbase.dll
0x00007ffde16d0000 - 0x00007ffde16eb000 	C:\Program Files\Android\Android Studio\jbr\bin\VCRUNTIME140.dll
0x00007ffde16b0000 - 0x00007ffde16c7000 	C:\Program Files\Android\Android Studio\jbr\bin\jli.dll
0x00007ffe0d0a0000 - 0x00007ffe0d24b000 	C:\WINDOWS\System32\USER32.dll
0x00007ffe0ca40000 - 0x00007ffe0ca66000 	C:\WINDOWS\System32\win32u.dll
0x00007ffdf4010000 - 0x00007ffdf429e000 	C:\WINDOWS\WinSxS\amd64_microsoft.windows.common-controls_6595b64144ccf1df_6.0.22621.1635_none_270f70857386168e\COMCTL32.dll
0x00007ffe0e220000 - 0x00007ffe0e249000 	C:\WINDOWS\System32\GDI32.dll
0x00007ffe0dc40000 - 0x00007ffe0dce7000 	C:\WINDOWS\System32\msvcrt.dll
0x00007ffe0c8a0000 - 0x00007ffe0c9b8000 	C:\WINDOWS\System32\gdi32full.dll
0x00007ffe0c5b0000 - 0x00007ffe0c64a000 	C:\WINDOWS\System32\msvcp_win.dll
0x00007ffe0d340000 - 0x00007ffe0d371000 	C:\WINDOWS\System32\IMM32.DLL
0x00007ffdfadd0000 - 0x00007ffdfaddc000 	C:\Program Files\Android\Android Studio\jbr\bin\vcruntime140_1.dll
0x00007ffde11f0000 - 0x00007ffde127d000 	C:\Program Files\Android\Android Studio\jbr\bin\msvcp140.dll
0x00007ffdb1f60000 - 0x00007ffdb2bcd000 	C:\Program Files\Android\Android Studio\jbr\bin\server\jvm.dll
0x00007ffe0dcf0000 - 0x00007ffe0dd9e000 	C:\WINDOWS\System32\ADVAPI32.dll
0x00007ffe0cff0000 - 0x00007ffe0d094000 	C:\WINDOWS\System32\sechost.dll
0x00007ffe0e470000 - 0x00007ffe0e587000 	C:\WINDOWS\System32\RPCRT4.dll
0x00007ffe070d0000 - 0x00007ffe070d9000 	C:\WINDOWS\SYSTEM32\WSOCK32.dll
0x00007ffe09d40000 - 0x00007ffe09d4a000 	C:\WINDOWS\SYSTEM32\VERSION.dll
0x00007ffe03220000 - 0x00007ffe03254000 	C:\WINDOWS\SYSTEM32\WINMM.dll
0x00007ffe0e0a0000 - 0x00007ffe0e111000 	C:\WINDOWS\System32\WS2_32.dll
0x00007ffe0b5c0000 - 0x00007ffe0b5d8000 	C:\WINDOWS\SYSTEM32\kernel.appcore.dll
0x00007ffe070c0000 - 0x00007ffe070ca000 	C:\Program Files\Android\Android Studio\jbr\bin\jimage.dll
0x00007ffe09ab0000 - 0x00007ffe09cde000 	C:\WINDOWS\SYSTEM32\DBGHELP.DLL
0x00007ffe0e5c0000 - 0x00007ffe0e949000 	C:\WINDOWS\System32\combase.dll
0x00007ffe0db50000 - 0x00007ffe0dc27000 	C:\WINDOWS\System32\OLEAUT32.dll
0x00007ffde9a60000 - 0x00007ffde9a92000 	C:\WINDOWS\SYSTEM32\dbgcore.DLL
0x00007ffe0c9c0000 - 0x00007ffe0ca3b000 	C:\WINDOWS\System32\bcryptPrimitives.dll
0x00007ffe07020000 - 0x00007ffe07045000 	C:\Program Files\Android\Android Studio\jbr\bin\java.dll
0x00007ffe07000000 - 0x00007ffe07018000 	C:\Program Files\Android\Android Studio\jbr\bin\zip.dll
0x00007ffe0e950000 - 0x00007ffe0f14a000 	C:\WINDOWS\System32\SHELL32.dll
0x00007ffe0a560000 - 0x00007ffe0ae2e000 	C:\WINDOWS\SYSTEM32\windows.storage.dll
0x00007ffe0a420000 - 0x00007ffe0a55e000 	C:\WINDOWS\SYSTEM32\wintypes.dll
0x00007ffe0e250000 - 0x00007ffe0e341000 	C:\WINDOWS\System32\SHCORE.dll
0x00007ffe0d250000 - 0x00007ffe0d2ae000 	C:\WINDOWS\System32\shlwapi.dll
0x00007ffe0c4e0000 - 0x00007ffe0c501000 	C:\WINDOWS\SYSTEM32\profapi.dll
0x00007ffe06690000 - 0x00007ffe066a9000 	C:\Program Files\Android\Android Studio\jbr\bin\net.dll
0x00007ffe05cb0000 - 0x00007ffe05de7000 	C:\WINDOWS\SYSTEM32\WINHTTP.dll
0x00007ffe0ba20000 - 0x00007ffe0ba89000 	C:\WINDOWS\system32\mswsock.dll
0x00007ffe061f0000 - 0x00007ffe06206000 	C:\Program Files\Android\Android Studio\jbr\bin\nio.dll
0x00007ffe061e0000 - 0x00007ffe061f0000 	C:\Program Files\Android\Android Studio\jbr\bin\verify.dll
0x00007ffde1950000 - 0x00007ffde1977000 	C:\Users\dell\.gradle\native\e1d6ef7f7dcc3fd88c89a11ec53ec762bb8ba0a96d01ffa2cd45eb1d1d8dd5c5\windows-amd64\native-platform.dll
0x00007ffdb9bc0000 - 0x00007ffdb9d04000 	C:\Users\dell\.gradle\native\0d407fdbe67a94daf76414ababcb853783967236a71b16ec16e742cd7a986fd3\windows-amd64\native-platform-file-events.dll
0x00007ffe070b0000 - 0x00007ffe070b9000 	C:\Program Files\Android\Android Studio\jbr\bin\management.dll
0x00007ffe07070000 - 0x00007ffe0707b000 	C:\Program Files\Android\Android Studio\jbr\bin\management_ext.dll
0x00007ffe0db40000 - 0x00007ffe0db48000 	C:\WINDOWS\System32\PSAPI.DLL
0x00007ffe0bd40000 - 0x00007ffe0bd5b000 	C:\WINDOWS\SYSTEM32\CRYPTSP.dll
0x00007ffe0b530000 - 0x00007ffe0b565000 	C:\WINDOWS\system32\rsaenh.dll
0x00007ffe0bac0000 - 0x00007ffe0bae8000 	C:\WINDOWS\SYSTEM32\USERENV.dll
0x00007ffe0bf10000 - 0x00007ffe0bf38000 	C:\WINDOWS\SYSTEM32\bcrypt.dll
0x00007ffe0bd20000 - 0x00007ffe0bd2c000 	C:\WINDOWS\SYSTEM32\CRYPTBASE.dll
0x00007ffe0b090000 - 0x00007ffe0b0bd000 	C:\WINDOWS\SYSTEM32\IPHLPAPI.DLL
0x00007ffe0dda0000 - 0x00007ffe0dda9000 	C:\WINDOWS\System32\NSI.dll
0x00007ffe03080000 - 0x00007ffe03099000 	C:\WINDOWS\SYSTEM32\dhcpcsvc6.DLL
0x00007ffe02f40000 - 0x00007ffe02f5f000 	C:\WINDOWS\SYSTEM32\dhcpcsvc.DLL
0x00007ffe0b100000 - 0x00007ffe0b1f3000 	C:\WINDOWS\SYSTEM32\DNSAPI.dll
0x00007ffdd2120000 - 0x00007ffdd2128000 	C:\WINDOWS\system32\wshunix.dll
0x00007ffdec920000 - 0x00007ffdec937000 	C:\WINDOWS\system32\napinsp.dll
0x00007ffdec330000 - 0x00007ffdec34b000 	C:\WINDOWS\system32\pnrpnsp.dll
0x00007ffdec310000 - 0x00007ffdec321000 	C:\WINDOWS\System32\winrnr.dll
0x00007ffe00840000 - 0x00007ffe00855000 	C:\WINDOWS\system32\wshbth.dll
0x00007ffd99060000 - 0x00007ffd99081000 	C:\WINDOWS\system32\nlansp_c.dll
0x00007ffdfc570000 - 0x00007ffdfc57a000 	C:\Windows\System32\rasadhlp.dll
0x00007ffdfc8e0000 - 0x00007ffdfc964000 	C:\WINDOWS\System32\fwpuclnt.dll

dbghelp: loaded successfully - version: 4.0.5 - missing functions: none
symbol engine: initialized successfully - sym options: 0x614 - pdb path: .;C:\Program Files\Android\Android Studio\jbr\bin;C:\WINDOWS\SYSTEM32;C:\WINDOWS\WinSxS\amd64_microsoft.windows.common-controls_6595b64144ccf1df_6.0.22621.1635_none_270f70857386168e;C:\Program Files\Android\Android Studio\jbr\bin\server;C:\Users\dell\.gradle\native\e1d6ef7f7dcc3fd88c89a11ec53ec762bb8ba0a96d01ffa2cd45eb1d1d8dd5c5\windows-amd64;C:\Users\dell\.gradle\native\0d407fdbe67a94daf76414ababcb853783967236a71b16ec16e742cd7a986fd3\windows-amd64

VM Arguments:
jvm_args: -XX:MaxPermSize=512m -XX:+HeapDumpOnOutOfMemoryError --add-opens=java.base/java.util=ALL-UNNAMED --add-opens=java.base/java.lang=ALL-UNNAMED --add-opens=java.base/java.lang.invoke=ALL-UNNAMED --add-opens=java.base/java.util=ALL-UNNAMED --add-opens=java.prefs/java.util.prefs=ALL-UNNAMED --add-opens=java.prefs/java.util.prefs=ALL-UNNAMED --add-opens=java.base/java.nio.charset=ALL-UNNAMED --add-opens=java.base/java.net=ALL-UNNAMED --add-opens=java.base/java.util.concurrent.atomic=ALL-UNNAMED -Xmx3096m -Dfile.encoding=UTF-8 -Duser.country=US -Duser.language=en -Duser.variant 
java_command: org.gradle.launcher.daemon.bootstrap.GradleDaemon 7.5
java_class_path (initial): C:\Users\dell\.gradle\wrapper\dists\gradle-7.5-all\6qsw290k5lz422uaf8jf6m7co\gradle-7.5\lib\gradle-launcher-7.5.jar
Launcher Type: SUN_STANDARD

[Global flags]
     intx CICompilerCount                          = 4                                         {product} {ergonomic}
     uint ConcGCThreads                            = 2                                         {product} {ergonomic}
     uint G1ConcRefinementThreads                  = 8                                         {product} {ergonomic}
   size_t G1HeapRegionSize                         = 2097152                                   {product} {ergonomic}
    uintx GCDrainStackTargetSize                   = 64                                        {product} {ergonomic}
     bool HeapDumpOnOutOfMemoryError               = true                                   {manageable} {command line}
   size_t InitialHeapSize                          = 262144000                                 {product} {ergonomic}
   size_t MarkStackSize                            = 4194304                                   {product} {ergonomic}
   size_t MaxHeapSize                              = 3246391296                                {product} {command line}
   size_t MaxNewSize                               = 1946157056                                {product} {ergonomic}
   size_t MinHeapDeltaBytes                        = 2097152                                   {product} {ergonomic}
   size_t MinHeapSize                              = 8388608                                   {product} {ergonomic}
    uintx NonNMethodCodeHeapSize                   = 5839372                                {pd product} {ergonomic}
    uintx NonProfiledCodeHeapSize                  = 122909434                              {pd product} {ergonomic}
    uintx ProfiledCodeHeapSize                     = 122909434                              {pd product} {ergonomic}
    uintx ReservedCodeCacheSize                    = 251658240                              {pd product} {ergonomic}
     bool SegmentedCodeCache                       = true                                      {product} {ergonomic}
   size_t SoftMaxHeapSize                          = 3246391296                             {manageable} {ergonomic}
     bool UseCompressedClassPointers               = true                           {product lp64_product} {ergonomic}
     bool UseCompressedOops                        = true                           {product lp64_product} {ergonomic}
     bool UseG1GC                                  = true                                      {product} {ergonomic}
     bool UseLargePagesIndividualAllocation        = false                                  {pd product} {ergonomic}

Logging:
Log output configuration:
 #0: stdout all=warning uptime,level,tags
 #1: stderr all=off uptime,level,tags

Environment Variables:
JAVA_HOME=C:\Program Files\BellSoft\LibericaJDK-17-Full\
PATH=C:\Program Files\BellSoft\LibericaJDK-17-Full\bin\;C:\Program Files\Common Files\Oracle\Java\javapath;C:\WINDOWS\system32;C:\WINDOWS;C:\WINDOWS\System32\Wbem;C:\WINDOWS\System32\WindowsPowerShell\v1.0\;C:\WINDOWS\System32\OpenSSH\;C:\Program Files\dotnet\;C:\Program Files\Java\jdk-11.0.15\bin;C:\Program Files\Git\cmd;C:\Program Files\nodejs\;C:\xampp\php;C:\ProgramData\ComposerSetup\bin;C:\flutter\bin;C:\msys64\mingw64\bin;C:\Program Files\Docker\Docker\resources\bin;C:\Program Files\PowerShell\7\;C:\Users\dell\AppData\Local\Programs\Python\Python310\Scripts\;C:\Users\dell\AppData\Local\Programs\Python\Python310\;C:\Users\dell\AppData\Local\Microsoft\WindowsApps;C:\Users\dell\AppData\Local\Programs\Microsoft VS Code\bin;C:\Program Files\Java\jdk-11.0.15\bin;C:\Users\dell\AppData\Roaming\npm;C:\Program Files\JetBrains\IntelliJ IDEA Community Edition 2022.1.2\bin;;C:\Program Files\JetBrains\PyCharm Community Edition 2022.1.3\bin;;C:\xampp\php;C:\Users\dell\AppData\Roaming\Composer\vendor\bin;C:\Users\dell\AppData\Local\GitHubDesktop\bin;C:\Users\dell\AppData\Local\Programs\oh-my-posh\bin;C:\flutter\bin;C:\msys64\mingw64\bin;
USERNAME=dell
OS=Windows_NT
PROCESSOR_IDENTIFIER=Intel64 Family 6 Model 142 Stepping 12, GenuineIntel
TMP=C:\Users\dell\AppData\Local\Temp
TEMP=C:\Users\dell\AppData\Local\Temp



---------------  S Y S T E M  ---------------

OS:
 Windows 11 , 64 bit Build 22621 (10.0.22621.1635)
OS uptime: 0 days 4:46 hours
Hyper-V role detected

CPU: total 8 (initial active 8) (4 cores per cpu, 2 threads per core) family 6 model 142 stepping 12 microcode 0xf4, cx8, cmov, fxsr, ht, mmx, 3dnowpref, sse, sse2, sse3, ssse3, sse4.1, sse4.2, popcnt, lzcnt, tsc, tscinvbit, avx, avx2, aes, erms, clmul, bmi1, bmi2, adx, fma, vzeroupper, clflush, clflushopt, hv

Memory: 4k page, system-wide physical 15984M (1785M free)
TotalPageFile size 20876M (AvailPageFile size 138M)
current process WorkingSet (physical memory assigned to process): 601M, peak: 610M
current process commit charge ("private bytes"): 648M, peak: 1036M

vm_info: OpenJDK 64-Bit Server VM (17.0.6+0-b2043.56-9586694) for windows-amd64 JRE (17.0.6+0-b2043.56-9586694), built on Feb  9 2023 20:06:20 by "androidbuild" with MS VC++ 16.10 / 16.11 (VS2019)

END.
